<?xml version="1.0" encoding="UTF-8"?>
<TestRun id="55f8ffab-71c5-4027-9206-18e865a7e9da" name="Santos@ACERSANTOS 2014-01-09 00:34:36" runUser="ACERSANTOS\Santos" xmlns="http://microsoft.com/schemas/VisualStudio/TeamTest/2010">
  <TestSettings name="Local" id="66962cd2-99c7-4af5-b1c3-3f24a3ebdd1e">
    <Description>These are default test settings for a local test run.</Description>
    <Deployment enabled="false" runDeploymentRoot="Santos_ACERSANTOS 2014-01-09 00_34_36">
      <DeploymentItem filename="E:\Projects\SGIInventory\SGInvetory\packages\Moq.4.0.10827\lib\NET40\Moq.dll" />
      <DeploymentItem filename="E:\Projects\SGIInventory\SGInvetory\packages\NHibernate.3.3.2.4000\lib\Net35\NHibernate.dll" />
      <DeploymentItem filename="E:\Projects\SGIInventory\SGInvetory\SGInventory.Presenter\bin\Debug\SGInventory.Presenters.dll" />
      <DeploymentItem filename="E:\Projects\SGIInventory\SGInvetory\packages\Iesi.Collections.3.2.0.4000\lib\Net35\Iesi.Collections.dll" />
      <DeploymentItem filename="E:\Projects\SGIInventory\SGInvetory\SGInventory.Test.Data\bin\Debug\SGInventory.Test.Data.dll" />
      <DeploymentItem filename="E:\Projects\SGIInventory\SGInvetory\SGInventory.Interfaces\bin\Debug\SGInventory.Common.Interfaces.dll" />
      <DeploymentItem filename="E:\Projects\SGIInventory\SGInvetory\SGInventory.Helpers\bin\Debug\SGInventory.Helpers.dll" />
      <DeploymentItem filename="E:\Projects\SGIInventory\SGInvetory\SGInventory.Business.Model\bin\Debug\SGInventory.Business.Model.dll" />
      <DeploymentItem filename="E:\Projects\SGIInventory\SGInvetory\SGInventory.Enums\bin\Debug\SGInventory.Enums.dll" />
      <DeploymentItem filename="E:\Projects\SGIInventory\SGInvetory\packages\FluentNHibernate.1.3.0.733\lib\FluentNHibernate.dll" />
      <DeploymentItem filename="E:\Projects\SGIInventory\SGInvetory\packages\Ninject.3.0.1.10\lib\net40\Ninject.dll" />
      <DeploymentItem filename="E:\Projects\SGIInventory\SGInvetory\SGInventory.Model\bin\Debug\SGInventory.Model.dll" />
      <DeploymentItem filename="E:\Projects\SGIInventory\SGInvetory\Views\bin\Debug\SGInventory.Views.dll" />
      <DeploymentItem filename="E:\Projects\SGIInventory\SGInvetory\SGInventory.Extensions\bin\Debug\SGInventory.Extensions.dll" />
      <DeploymentItem filename="E:\Projects\SGIInventory\SGInvetory\SGInvetory.DAL\bin\Debug\SGInventory.Dal.dll" />
    </Deployment>
    <Execution>
      <TestTypeSpecific />
      <AgentRule name="Execution Agents">
      </AgentRule>
    </Execution>
  </TestSettings>
  <Times creation="2014-01-09T00:34:36.3437500+08:00" queuing="2014-01-09T00:34:36.6562500+08:00" start="2014-01-09T00:34:36.8125000+08:00" finish="2014-01-09T00:34:52.2812500+08:00" />
  <ResultSummary outcome="Completed">
    <Counters total="367" executed="367" passed="367" error="0" failed="0" timeout="0" aborted="0" inconclusive="0" passedButRunAborted="0" notRunnable="0" notExecuted="0" disconnected="0" warning="0" completed="0" inProgress="0" pending="0" />
  </ResultSummary>
  <TestDefinitions>
    <UnitTest name="SelectByPrimaryId_GivenTheId_Exists_ShouldReturnOneObjectTest" storage="e:\projects\sgiinventory\sginvetory\sginventory.businessmodel.test\bin\debug\sginventory.businessmodel.test.dll" id="cba36912-cd40-6ace-d587-33fa675a7d0a">
      <Execution id="b2f1f5a0-9bb8-489e-9ff3-1471d0604c11" />
      <TestMethod codeBase="E:/Projects/SGIInventory/SGInvetory/SGInventory.BusinessModel.Test/bin/Debug/SGInventory.BusinessModel.Test.DLL" adapterTypeName="Microsoft.VisualStudio.TestTools.TestTypes.Unit.UnitTestAdapter, Microsoft.VisualStudio.QualityTools.Tips.UnitTest.Adapter, Version=10.0.0.0, Culture=neutral, PublicKeyToken=b03f5f7f11d50a3a" className="SGInventory.Business.Model.CategoryBusinessModelTest, SGInventory.BusinessModel.Test, Version=1.0.0.0, Culture=neutral, PublicKeyToken=null" name="SelectByPrimaryId_GivenTheId_Exists_ShouldReturnOneObjectTest" />
    </UnitTest>
    <UnitTest name="DeleteSelectedModels_GivenTheUserSayNo_Test" storage="e:\projects\sgiinventory\sginvetory\sginventory.presenters.test\bin\debug\sginventory.presenters.test.dll" id="b670c5d2-fdb6-caf7-3f8e-cbbe1841e8c2">
      <Execution id="1b0fda96-4a3d-41e4-8b63-4158cf9f7419" />
      <TestMethod codeBase="E:/Projects/SGIInventory/SGInvetory/SGInventory.Presenters.Test/bin/Debug/SGInventory.Presenters.Test.DLL" adapterTypeName="Microsoft.VisualStudio.TestTools.TestTypes.Unit.UnitTestAdapter, Microsoft.VisualStudio.QualityTools.Tips.UnitTest.Adapter, Version=10.0.0.0, Culture=neutral, PublicKeyToken=b03f5f7f11d50a3a" className="SGInventory.Presenters.Test.ProductDetailSearchPresenterTest, SGInventory.Presenters.Test, Version=1.0.0.0, Culture=neutral, PublicKeyToken=null" name="DeleteSelectedModels_GivenTheUserSayNo_Test" />
    </UnitTest>
    <UnitTest name="SelectByParent_Test" storage="e:\projects\sgiinventory\sginvetory\sginvetory.dal.test\bin\debug\sginventory.dal.test.dll" id="96624594-37d8-b9ce-e796-b2e326c8e3a9">
      <Execution id="d60d7162-af66-4a16-a309-b490dfeca84d" />
      <TestMethod codeBase="E:/Projects/SGIInventory/SGInvetory/SGInvetory.DAL.Test/bin/Debug/SGInventory.DAL.Test.DLL" adapterTypeName="Microsoft.VisualStudio.TestTools.TestTypes.Unit.UnitTestAdapter, Microsoft.VisualStudio.QualityTools.Tips.UnitTest.Adapter, Version=10.0.0.0, Culture=neutral, PublicKeyToken=b03f5f7f11d50a3a" className="SGInventory.DAL.Test.ProductDetailDalTest, SGInventory.DAL.Test, Version=1.0.0.0, Culture=neutral, PublicKeyToken=null" name="SelectByParent_Test" />
    </UnitTest>
    <UnitTest name="DisableOrEnableSaveDeliveryButton_GivenInputIsGoodTest" storage="e:\projects\sgiinventory\sginvetory\sginventory.presenters.test\bin\debug\sginventory.presenters.test.dll" id="04df712c-5b07-cd02-4c71-4dd31747814f">
      <Execution id="c7f6238f-dcf9-4f2f-8c6f-30426f4029f9" />
      <TestMethod codeBase="E:/Projects/SGIInventory/SGInvetory/SGInventory.Presenters.Test/bin/Debug/SGInventory.Presenters.Test.DLL" adapterTypeName="Microsoft.VisualStudio.TestTools.TestTypes.Unit.UnitTestAdapter, Microsoft.VisualStudio.QualityTools.Tips.UnitTest.Adapter, Version=10.0.0.0, Culture=neutral, PublicKeyToken=b03f5f7f11d50a3a" className="SGInventory.Presenters.Test.DeliveryPresenterTest, SGInventory.Presenters.Test, Version=1.0.0.0, Culture=neutral, PublicKeyToken=null" name="DisableOrEnableSaveDeliveryButton_GivenInputIsGoodTest" />
    </UnitTest>
    <UnitTest name="SelectByPrimaryKey_GivenPrimaryKey_ReturnShouldNotBeNull" storage="e:\projects\sgiinventory\sginvetory\sginvetory.dal.test\bin\debug\sginventory.dal.test.dll" id="2b43ca8c-c2de-a711-7145-f7a1d478390e">
      <Execution id="98cd6503-2a87-45f2-bbe8-bd6f90718672" />
      <TestMethod codeBase="E:/Projects/SGIInventory/SGInvetory/SGInvetory.DAL.Test/bin/Debug/SGInventory.DAL.Test.DLL" adapterTypeName="Microsoft.VisualStudio.TestTools.TestTypes.Unit.UnitTestAdapter, Microsoft.VisualStudio.QualityTools.Tips.UnitTest.Adapter, Version=10.0.0.0, Culture=neutral, PublicKeyToken=b03f5f7f11d50a3a" className="SGInventory.DAL.Test.ColorDalTest, SGInventory.DAL.Test, Version=1.0.0.0, Culture=neutral, PublicKeyToken=null" name="SelectByPrimaryKey_GivenPrimaryKey_ReturnShouldNotBeNull" />
    </UnitTest>
    <UnitTest name="Delete_Test" storage="e:\projects\sgiinventory\sginvetory\sginventory.businessmodel.test\bin\debug\sginventory.businessmodel.test.dll" id="ae9f039e-de48-abf5-2743-be0e396f0007">
      <Execution id="5be6afa8-60fb-42e6-b7c6-7c498ecb893e" />
      <TestMethod codeBase="E:/Projects/SGIInventory/SGInvetory/SGInventory.BusinessModel.Test/bin/Debug/SGInventory.BusinessModel.Test.DLL" adapterTypeName="Microsoft.VisualStudio.TestTools.TestTypes.Unit.UnitTestAdapter, Microsoft.VisualStudio.QualityTools.Tips.UnitTest.Adapter, Version=10.0.0.0, Culture=neutral, PublicKeyToken=b03f5f7f11d50a3a" className="SGInventory.BusinessModel.Test.ProductBusinessModelTest, SGInventory.BusinessModel.Test, Version=1.0.0.0, Culture=neutral, PublicKeyToken=null" name="Delete_Test" />
    </UnitTest>
    <UnitTest name="SaveProduct_GivenThatProductAlreadyExists_ResultSuccessfullPopUpMessage_Test" storage="e:\projects\sgiinventory\sginvetory\sginventory.presenters.test\bin\debug\sginventory.presenters.test.dll" id="08e885f0-a902-86a5-3bb7-6e4615dd04e3">
      <Execution id="678accf3-6895-4427-8bbb-f3c2ba2b3043" />
      <TestMethod codeBase="E:/Projects/SGIInventory/SGInvetory/SGInventory.Presenters.Test/bin/Debug/SGInventory.Presenters.Test.DLL" adapterTypeName="Microsoft.VisualStudio.TestTools.TestTypes.Unit.UnitTestAdapter, Microsoft.VisualStudio.QualityTools.Tips.UnitTest.Adapter, Version=10.0.0.0, Culture=neutral, PublicKeyToken=b03f5f7f11d50a3a" className="SGInventory.Presenters.Test.ProductEditPresenterTest, SGInventory.Presenters.Test, Version=1.0.0.0, Culture=neutral, PublicKeyToken=null" name="SaveProduct_GivenThatProductAlreadyExists_ResultSuccessfullPopUpMessage_Test" />
    </UnitTest>
    <UnitTest name="Save_GivenThatOnCreateModeAndProductAlreadyExist_ResultUnsuccessfullPopupMessage_Test" storage="e:\projects\sgiinventory\sginvetory\sginventory.presenters.test\bin\debug\sginventory.presenters.test.dll" id="2c7d5cda-6bf0-7130-3fea-1cf3b9e0f273">
      <Execution id="e78a847c-ee77-41e7-b706-af7ed025d061" />
      <TestMethod codeBase="E:/Projects/SGIInventory/SGInvetory/SGInventory.Presenters.Test/bin/Debug/SGInventory.Presenters.Test.DLL" adapterTypeName="Microsoft.VisualStudio.TestTools.TestTypes.Unit.UnitTestAdapter, Microsoft.VisualStudio.QualityTools.Tips.UnitTest.Adapter, Version=10.0.0.0, Culture=neutral, PublicKeyToken=b03f5f7f11d50a3a" className="SGInventory.Presenters.Test.ProductEditPresenterTest, SGInventory.Presenters.Test, Version=1.0.0.0, Culture=neutral, PublicKeyToken=null" name="Save_GivenThatOnCreateModeAndProductAlreadyExist_ResultUnsuccessfullPopupMessage_Test" />
    </UnitTest>
    <UnitTest name="LoadSelectedProductByProductTest" storage="e:\projects\sgiinventory\sginvetory\sginventory.presenters.test\bin\debug\sginventory.presenters.test.dll" id="8c1e773a-137a-9b93-574d-7de86f793fdf">
      <Execution id="ccd20f14-84a8-4985-900e-3e43a3012628" />
      <TestMethod codeBase="E:/Projects/SGIInventory/SGInvetory/SGInventory.Presenters.Test/bin/Debug/SGInventory.Presenters.Test.DLL" adapterTypeName="Microsoft.VisualStudio.TestTools.TestTypes.Unit.UnitTestAdapter, Microsoft.VisualStudio.QualityTools.Tips.UnitTest.Adapter, Version=10.0.0.0, Culture=neutral, PublicKeyToken=b03f5f7f11d50a3a" className="SGInventory.Presenters.Test.DeliveryPresenterTest, SGInventory.Presenters.Test, Version=1.0.0.0, Culture=neutral, PublicKeyToken=null" name="LoadSelectedProductByProductTest" />
    </UnitTest>
    <UnitTest name="SaveModel_GivenModelExistsValidFieldsWashingNameNotExistsQueryHasResult_ResultSuccessfull" storage="e:\projects\sgiinventory\sginvetory\sginventory.businessmodel.test\bin\debug\sginventory.businessmodel.test.dll" id="1041bdeb-6e26-0b44-30a6-ffa741bfa737">
      <Execution id="e536c9ea-043d-49c5-9530-1b7e5c475b98" />
      <TestMethod codeBase="E:/Projects/SGIInventory/SGInvetory/SGInventory.BusinessModel.Test/bin/Debug/SGInventory.BusinessModel.Test.DLL" adapterTypeName="Microsoft.VisualStudio.TestTools.TestTypes.Unit.UnitTestAdapter, Microsoft.VisualStudio.QualityTools.Tips.UnitTest.Adapter, Version=10.0.0.0, Culture=neutral, PublicKeyToken=b03f5f7f11d50a3a" className="SGInventory.BusinessModel.Test.WashingBusinessModelTest, SGInventory.BusinessModel.Test, Version=1.0.0.0, Culture=neutral, PublicKeyToken=null" name="SaveModel_GivenModelExistsValidFieldsWashingNameNotExistsQueryHasResult_ResultSuccessfull" />
    </UnitTest>
    <UnitTest name="SaveModel_GivenModelIsNewValidFieldsNameNotExistsQueryHasNoResult_ResultSuccessfull" storage="e:\projects\sgiinventory\sginvetory\sginventory.businessmodel.test\bin\debug\sginventory.businessmodel.test.dll" id="53f6bc98-39c6-ede7-7a7f-876e1759ce0f">
      <Execution id="55df439e-762c-4ab7-b755-fc9a7d59a890" />
      <TestMethod codeBase="E:/Projects/SGIInventory/SGInvetory/SGInventory.BusinessModel.Test/bin/Debug/SGInventory.BusinessModel.Test.DLL" adapterTypeName="Microsoft.VisualStudio.TestTools.TestTypes.Unit.UnitTestAdapter, Microsoft.VisualStudio.QualityTools.Tips.UnitTest.Adapter, Version=10.0.0.0, Culture=neutral, PublicKeyToken=b03f5f7f11d50a3a" className="SGInventory.BusinessModel.Test.OutletBusinessModelTest, SGInventory.BusinessModel.Test, Version=1.0.0.0, Culture=neutral, PublicKeyToken=null" name="SaveModel_GivenModelIsNewValidFieldsNameNotExistsQueryHasNoResult_ResultSuccessfull" />
    </UnitTest>
    <UnitTest name="Save_GivenNameExceedTheMaximumLength_Test" storage="e:\projects\sgiinventory\sginvetory\sginventory.presenters.test\bin\debug\sginventory.presenters.test.dll" id="bb305726-706d-f65d-c5bc-17f2acdeab3a">
      <Execution id="41387036-20c9-4919-9e7e-d20562270eef" />
      <TestMethod codeBase="E:/Projects/SGIInventory/SGInvetory/SGInventory.Presenters.Test/bin/Debug/SGInventory.Presenters.Test.DLL" adapterTypeName="Microsoft.VisualStudio.TestTools.TestTypes.Unit.UnitTestAdapter, Microsoft.VisualStudio.QualityTools.Tips.UnitTest.Adapter, Version=10.0.0.0, Culture=neutral, PublicKeyToken=b03f5f7f11d50a3a" className="SGInventory.Presenters.Test.CategoryEditPresenterTest, SGInventory.Presenters.Test, Version=1.0.0.0, Culture=neutral, PublicKeyToken=null" name="Save_GivenNameExceedTheMaximumLength_Test" />
    </UnitTest>
    <UnitTest name="SelectAll_ShouldReturnList_Test" storage="e:\projects\sgiinventory\sginvetory\sginventory.businessmodel.test\bin\debug\sginventory.businessmodel.test.dll" id="2cdc6001-0246-9dd5-4cbf-f1ab239a1d6c">
      <Execution id="e9c499e4-4a50-4abd-aa84-87133e02454d" />
      <TestMethod codeBase="E:/Projects/SGIInventory/SGInvetory/SGInventory.BusinessModel.Test/bin/Debug/SGInventory.BusinessModel.Test.DLL" adapterTypeName="Microsoft.VisualStudio.TestTools.TestTypes.Unit.UnitTestAdapter, Microsoft.VisualStudio.QualityTools.Tips.UnitTest.Adapter, Version=10.0.0.0, Culture=neutral, PublicKeyToken=b03f5f7f11d50a3a" className="SGInventory.BusinessModel.Test.SupplierBusinessModelTest, SGInventory.BusinessModel.Test, Version=1.0.0.0, Culture=neutral, PublicKeyToken=null" name="SelectAll_ShouldReturnList_Test" />
    </UnitTest>
    <UnitTest name="SaveSupplier_GivenThanNameExistsCreateNewSupplier_ResultUnSuccessfullPopUpMessage_Test" storage="e:\projects\sgiinventory\sginvetory\sginventory.presenters.test\bin\debug\sginventory.presenters.test.dll" id="960715e1-e435-d363-5dc1-71152b5f89c9">
      <Execution id="01e0873f-c672-4e40-8a0c-a1755e6f8823" />
      <TestMethod codeBase="E:/Projects/SGIInventory/SGInvetory/SGInventory.Presenters.Test/bin/Debug/SGInventory.Presenters.Test.DLL" adapterTypeName="Microsoft.VisualStudio.TestTools.TestTypes.Unit.UnitTestAdapter, Microsoft.VisualStudio.QualityTools.Tips.UnitTest.Adapter, Version=10.0.0.0, Culture=neutral, PublicKeyToken=b03f5f7f11d50a3a" className="SGInventory.Presenters.Test.SupplierEditPresenterTest, SGInventory.Presenters.Test, Version=1.0.0.0, Culture=neutral, PublicKeyToken=null" name="SaveSupplier_GivenThanNameExistsCreateNewSupplier_ResultUnSuccessfullPopUpMessage_Test" />
    </UnitTest>
    <UnitTest name="DeleteSelectedCategories_GivenTheUserSayNo_Test" storage="e:\projects\sgiinventory\sginvetory\sginventory.presenters.test\bin\debug\sginventory.presenters.test.dll" id="46274c2d-5960-f1c1-3b92-ebaf1f680b56">
      <Execution id="948250a5-6ac1-4ff9-ae1f-76426522e848" />
      <TestMethod codeBase="E:/Projects/SGIInventory/SGInvetory/SGInventory.Presenters.Test/bin/Debug/SGInventory.Presenters.Test.DLL" adapterTypeName="Microsoft.VisualStudio.TestTools.TestTypes.Unit.UnitTestAdapter, Microsoft.VisualStudio.QualityTools.Tips.UnitTest.Adapter, Version=10.0.0.0, Culture=neutral, PublicKeyToken=b03f5f7f11d50a3a" className="SGInventory.Presenters.Test.ColorSearchPresenterTest, SGInventory.Presenters.Test, Version=1.0.0.0, Culture=neutral, PublicKeyToken=null" name="DeleteSelectedCategories_GivenTheUserSayNo_Test" />
    </UnitTest>
    <UnitTest name="LoadSelectedDelivery_Test" storage="e:\projects\sgiinventory\sginvetory\sginventory.presenters.test\bin\debug\sginventory.presenters.test.dll" id="41126980-9a99-81fa-1e1d-71cf1765f014">
      <Execution id="f79a585d-398a-4b31-815a-d92d5b90a4ed" />
      <TestMethod codeBase="E:/Projects/SGIInventory/SGInvetory/SGInventory.Presenters.Test/bin/Debug/SGInventory.Presenters.Test.DLL" adapterTypeName="Microsoft.VisualStudio.TestTools.TestTypes.Unit.UnitTestAdapter, Microsoft.VisualStudio.QualityTools.Tips.UnitTest.Adapter, Version=10.0.0.0, Culture=neutral, PublicKeyToken=b03f5f7f11d50a3a" className="SGInventory.Presenters.Test.SupplierSearchDeliveryPresenterTest, SGInventory.Presenters.Test, Version=1.0.0.0, Culture=neutral, PublicKeyToken=null" name="LoadSelectedDelivery_Test" />
    </UnitTest>
    <UnitTest name="DisableOrEnableSaveDeliveryButton_GivenAllInputsIsValid_Test" storage="e:\projects\sgiinventory\sginvetory\sginventory.presenters.test\bin\debug\sginventory.presenters.test.dll" id="cc497315-0e0f-da31-785d-e872c7d04ce1">
      <Execution id="6db3b9af-e815-4650-9cbf-cbac31b2546d" />
      <TestMethod codeBase="E:/Projects/SGIInventory/SGInvetory/SGInventory.Presenters.Test/bin/Debug/SGInventory.Presenters.Test.DLL" adapterTypeName="Microsoft.VisualStudio.TestTools.TestTypes.Unit.UnitTestAdapter, Microsoft.VisualStudio.QualityTools.Tips.UnitTest.Adapter, Version=10.0.0.0, Culture=neutral, PublicKeyToken=b03f5f7f11d50a3a" className="SGInventory.Presenters.Test.DeliveryPresenterTest, SGInventory.Presenters.Test, Version=1.0.0.0, Culture=neutral, PublicKeyToken=null" name="DisableOrEnableSaveDeliveryButton_GivenAllInputsIsValid_Test" />
    </UnitTest>
    <UnitTest name="DeleteSelectedCategories_GivenNoCategoriesIsSelected_Test" storage="e:\projects\sgiinventory\sginvetory\sginventory.presenters.test\bin\debug\sginventory.presenters.test.dll" id="e314496e-78c7-5efd-5c84-f1d7de486c6d">
      <Execution id="9eebfe91-e6dd-46e7-8109-63a8fa2e1b31" />
      <TestMethod codeBase="E:/Projects/SGIInventory/SGInvetory/SGInventory.Presenters.Test/bin/Debug/SGInventory.Presenters.Test.DLL" adapterTypeName="Microsoft.VisualStudio.TestTools.TestTypes.Unit.UnitTestAdapter, Microsoft.VisualStudio.QualityTools.Tips.UnitTest.Adapter, Version=10.0.0.0, Culture=neutral, PublicKeyToken=b03f5f7f11d50a3a" className="SGInventory.Presenters.Test.ColorSearchPresenterTest, SGInventory.Presenters.Test, Version=1.0.0.0, Culture=neutral, PublicKeyToken=null" name="DeleteSelectedCategories_GivenNoCategoriesIsSelected_Test" />
    </UnitTest>
    <UnitTest name="Validate_GivenInNewModeTheNameNotExists_ShouldReturnTrue" storage="e:\projects\sgiinventory\sginvetory\sginventory.businessmodel.test\bin\debug\sginventory.businessmodel.test.dll" id="faf7dc48-7a49-78c4-5c48-78894f012137">
      <Execution id="edfabfc3-24ee-4ee6-a675-dbeea89f36e5" />
      <TestMethod codeBase="E:/Projects/SGIInventory/SGInvetory/SGInventory.BusinessModel.Test/bin/Debug/SGInventory.BusinessModel.Test.DLL" adapterTypeName="Microsoft.VisualStudio.TestTools.TestTypes.Unit.UnitTestAdapter, Microsoft.VisualStudio.QualityTools.Tips.UnitTest.Adapter, Version=10.0.0.0, Culture=neutral, PublicKeyToken=b03f5f7f11d50a3a" className="SGInventory.BusinessModel.Test.OutletBusinessModelTest, SGInventory.BusinessModel.Test, Version=1.0.0.0, Culture=neutral, PublicKeyToken=null" name="Validate_GivenInNewModeTheNameNotExists_ShouldReturnTrue" />
    </UnitTest>
    <UnitTest name="AddModel_Test" storage="e:\projects\sgiinventory\sginvetory\sginventory.presenters.test\bin\debug\sginventory.presenters.test.dll" id="5cc59f33-af36-5571-545a-946daa9eebe0">
      <Execution id="53a3c6ea-5cf7-48a0-8a68-577356d4cbde" />
      <TestMethod codeBase="E:/Projects/SGIInventory/SGInvetory/SGInventory.Presenters.Test/bin/Debug/SGInventory.Presenters.Test.DLL" adapterTypeName="Microsoft.VisualStudio.TestTools.TestTypes.Unit.UnitTestAdapter, Microsoft.VisualStudio.QualityTools.Tips.UnitTest.Adapter, Version=10.0.0.0, Culture=neutral, PublicKeyToken=b03f5f7f11d50a3a" className="SGInventory.Presenters.Test.OutletSearchPresenterTest, SGInventory.Presenters.Test, Version=1.0.0.0, Culture=neutral, PublicKeyToken=null" name="AddModel_Test" />
    </UnitTest>
    <UnitTest name="SelectByPrimaryId_GivenTheId_Exists_ShouldReturnOneObjectTest" storage="e:\projects\sgiinventory\sginvetory\sginventory.businessmodel.test\bin\debug\sginventory.businessmodel.test.dll" id="9f367ad8-de24-c5af-8464-1b83c3db2eb4">
      <Execution id="cc18c58d-c14b-48b9-a8ea-30c30fd4e70f" />
      <TestMethod codeBase="E:/Projects/SGIInventory/SGInvetory/SGInventory.BusinessModel.Test/bin/Debug/SGInventory.BusinessModel.Test.DLL" adapterTypeName="Microsoft.VisualStudio.TestTools.TestTypes.Unit.UnitTestAdapter, Microsoft.VisualStudio.QualityTools.Tips.UnitTest.Adapter, Version=10.0.0.0, Culture=neutral, PublicKeyToken=b03f5f7f11d50a3a" className="SGInventory.BusinessModel.Test.ColorBusinessModelTest, SGInventory.BusinessModel.Test, Version=1.0.0.0, Culture=neutral, PublicKeyToken=null" name="SelectByPrimaryId_GivenTheId_Exists_ShouldReturnOneObjectTest" />
    </UnitTest>
    <UnitTest name="SaveOrUpdateGivenItIsNotNewAndNoChangesMadeInQuantityAndThereIsExceptionTest" storage="e:\projects\sgiinventory\sginvetory\sginvetory.dal.test\bin\debug\sginventory.dal.test.dll" id="98605777-f680-d719-c8a2-29e79f98a843">
      <Execution id="63d2a8ea-66dd-4d95-9584-ef78a9cb030c" />
      <TestMethod codeBase="E:/Projects/SGIInventory/SGInvetory/SGInvetory.DAL.Test/bin/Debug/SGInventory.DAL.Test.DLL" adapterTypeName="Microsoft.VisualStudio.TestTools.TestTypes.Unit.UnitTestAdapter, Microsoft.VisualStudio.QualityTools.Tips.UnitTest.Adapter, Version=10.0.0.0, Culture=neutral, PublicKeyToken=b03f5f7f11d50a3a" className="SGInventory.DAL.Test.ProductDetailDalTest, SGInventory.DAL.Test, Version=1.0.0.0, Culture=neutral, PublicKeyToken=null" name="SaveOrUpdateGivenItIsNotNewAndNoChangesMadeInQuantityAndThereIsExceptionTest" />
    </UnitTest>
    <UnitTest name="SelectByPrimaryId_Test" storage="e:\projects\sgiinventory\sginvetory\sginventory.businessmodel.test\bin\debug\sginventory.businessmodel.test.dll" id="e22c4575-62ee-9465-eaa4-14c7f6db60be">
      <Execution id="7b669638-150d-449f-b92a-0ae8512d444c" />
      <TestMethod codeBase="E:/Projects/SGIInventory/SGInvetory/SGInventory.BusinessModel.Test/bin/Debug/SGInventory.BusinessModel.Test.DLL" adapterTypeName="Microsoft.VisualStudio.TestTools.TestTypes.Unit.UnitTestAdapter, Microsoft.VisualStudio.QualityTools.Tips.UnitTest.Adapter, Version=10.0.0.0, Culture=neutral, PublicKeyToken=b03f5f7f11d50a3a" className="SGInventory.BusinessModel.Test.ProductBusinessModelTest, SGInventory.BusinessModel.Test, Version=1.0.0.0, Culture=neutral, PublicKeyToken=null" name="SelectByPrimaryId_Test" />
    </UnitTest>
    <UnitTest name="SelectBySp_GivenThereIsAParameter_ReturnShouldBeInList" storage="e:\projects\sgiinventory\sginvetory\sginvetory.dal.test\bin\debug\sginventory.dal.test.dll" id="56f7a881-8a34-6e76-ef50-a6f821049503">
      <Execution id="59890a7b-f884-484a-850a-6fe5ac766198" />
      <TestMethod codeBase="E:/Projects/SGIInventory/SGInvetory/SGInvetory.DAL.Test/bin/Debug/SGInventory.DAL.Test.DLL" adapterTypeName="Microsoft.VisualStudio.TestTools.TestTypes.Unit.UnitTestAdapter, Microsoft.VisualStudio.QualityTools.Tips.UnitTest.Adapter, Version=10.0.0.0, Culture=neutral, PublicKeyToken=b03f5f7f11d50a3a" className="SGInventory.DAL.Test.CategoryDalTest, SGInventory.DAL.Test, Version=1.0.0.0, Culture=neutral, PublicKeyToken=null" name="SelectBySp_GivenThereIsAParameter_ReturnShouldBeInList" />
    </UnitTest>
    <UnitTest name="SearchDeliveryByDeliveryDate_Test" storage="e:\projects\sgiinventory\sginvetory\sginventory.presenters.test\bin\debug\sginventory.presenters.test.dll" id="95374570-e83d-3a49-bb13-a1923d7f42dd">
      <Execution id="745ce5ea-e6f6-4a16-8e53-e64c277a2013" />
      <TestMethod codeBase="E:/Projects/SGIInventory/SGInvetory/SGInventory.Presenters.Test/bin/Debug/SGInventory.Presenters.Test.DLL" adapterTypeName="Microsoft.VisualStudio.TestTools.TestTypes.Unit.UnitTestAdapter, Microsoft.VisualStudio.QualityTools.Tips.UnitTest.Adapter, Version=10.0.0.0, Culture=neutral, PublicKeyToken=b03f5f7f11d50a3a" className="SGInventory.Presenters.Test.SupplierSearchDeliveryPresenterTest, SGInventory.Presenters.Test, Version=1.0.0.0, Culture=neutral, PublicKeyToken=null" name="SearchDeliveryByDeliveryDate_Test" />
    </UnitTest>
    <UnitTest name="Keypress_GivenThatNameHasLengthCodeHasNoLength_ShouldReturnFalse_Test" storage="e:\projects\sgiinventory\sginvetory\sginventory.presenters.test\bin\debug\sginventory.presenters.test.dll" id="668ed41d-29fd-0cff-a58f-2bb4b9bb7aaa">
      <Execution id="a0cbbdc0-ffc2-47aa-ae99-3998be67755b" />
      <TestMethod codeBase="E:/Projects/SGIInventory/SGInvetory/SGInventory.Presenters.Test/bin/Debug/SGInventory.Presenters.Test.DLL" adapterTypeName="Microsoft.VisualStudio.TestTools.TestTypes.Unit.UnitTestAdapter, Microsoft.VisualStudio.QualityTools.Tips.UnitTest.Adapter, Version=10.0.0.0, Culture=neutral, PublicKeyToken=b03f5f7f11d50a3a" className="SGInventory.Presenters.Test.ProductEditPresenterTest, SGInventory.Presenters.Test, Version=1.0.0.0, Culture=neutral, PublicKeyToken=null" name="Keypress_GivenThatNameHasLengthCodeHasNoLength_ShouldReturnFalse_Test" />
    </UnitTest>
    <UnitTest name="Delete_Test" storage="e:\projects\sgiinventory\sginvetory\sginventory.businessmodel.test\bin\debug\sginventory.businessmodel.test.dll" id="0d19bb79-4185-d34a-60a2-685c7afad346">
      <Execution id="eef1da6b-cd06-4544-a5d5-b949144d4386" />
      <TestMethod codeBase="E:/Projects/SGIInventory/SGInvetory/SGInventory.BusinessModel.Test/bin/Debug/SGInventory.BusinessModel.Test.DLL" adapterTypeName="Microsoft.VisualStudio.TestTools.TestTypes.Unit.UnitTestAdapter, Microsoft.VisualStudio.QualityTools.Tips.UnitTest.Adapter, Version=10.0.0.0, Culture=neutral, PublicKeyToken=b03f5f7f11d50a3a" className="SGInventory.Business.Model.CategoryBusinessModelTest, SGInventory.BusinessModel.Test, Version=1.0.0.0, Culture=neutral, PublicKeyToken=null" name="Delete_Test" />
    </UnitTest>
    <UnitTest name="SelectAllTest" storage="e:\projects\sgiinventory\sginvetory\sginvetory.dal.test\bin\debug\sginventory.dal.test.dll" id="2ce880b9-70c8-56a6-2dac-0f2bc06b7cff">
      <Execution id="c4852341-3d07-4bb5-85a1-455499630678" />
      <TestMethod codeBase="E:/Projects/SGIInventory/SGInvetory/SGInvetory.DAL.Test/bin/Debug/SGInventory.DAL.Test.DLL" adapterTypeName="Microsoft.VisualStudio.TestTools.TestTypes.Unit.UnitTestAdapter, Microsoft.VisualStudio.QualityTools.Tips.UnitTest.Adapter, Version=10.0.0.0, Culture=neutral, PublicKeyToken=b03f5f7f11d50a3a" className="SGInventory.DAL.Test.UserDalTest, SGInventory.DAL.Test, Version=1.0.0.0, Culture=neutral, PublicKeyToken=null" name="SelectAllTest" />
    </UnitTest>
    <UnitTest name="LoadAllColors_Test" storage="e:\projects\sgiinventory\sginvetory\sginventory.presenters.test\bin\debug\sginventory.presenters.test.dll" id="31597b65-c0b0-5bab-32c9-476e7c99508a">
      <Execution id="66ca7d68-b697-414e-ad59-09e18b52c444" />
      <TestMethod codeBase="E:/Projects/SGIInventory/SGInvetory/SGInventory.Presenters.Test/bin/Debug/SGInventory.Presenters.Test.DLL" adapterTypeName="Microsoft.VisualStudio.TestTools.TestTypes.Unit.UnitTestAdapter, Microsoft.VisualStudio.QualityTools.Tips.UnitTest.Adapter, Version=10.0.0.0, Culture=neutral, PublicKeyToken=b03f5f7f11d50a3a" className="SGInventory.Presenters.Test.ProductDetailEditPresenterTest, SGInventory.Presenters.Test, Version=1.0.0.0, Culture=neutral, PublicKeyToken=null" name="LoadAllColors_Test" />
    </UnitTest>
    <UnitTest name="SelectByPrimaryKey_GivenPrimaryKey_ReturnShouldNotBeNull" storage="e:\projects\sgiinventory\sginvetory\sginvetory.dal.test\bin\debug\sginventory.dal.test.dll" id="ec88895d-a8f6-c0a7-411a-1946c81ec89a">
      <Execution id="4095d6d3-872d-4620-9059-ba62d51a78b3" />
      <TestMethod codeBase="E:/Projects/SGIInventory/SGInvetory/SGInvetory.DAL.Test/bin/Debug/SGInventory.DAL.Test.DLL" adapterTypeName="Microsoft.VisualStudio.TestTools.TestTypes.Unit.UnitTestAdapter, Microsoft.VisualStudio.QualityTools.Tips.UnitTest.Adapter, Version=10.0.0.0, Culture=neutral, PublicKeyToken=b03f5f7f11d50a3a" className="SGInventory.DAL.Test.SizeDalTest, SGInventory.DAL.Test, Version=1.0.0.0, Culture=neutral, PublicKeyToken=null" name="SelectByPrimaryKey_GivenPrimaryKey_ReturnShouldNotBeNull" />
    </UnitTest>
    <UnitTest name="Validate_GivenInAddModeAndTheNameAlreadyExists_ShouldReturnFalse" storage="e:\projects\sgiinventory\sginvetory\sginventory.businessmodel.test\bin\debug\sginventory.businessmodel.test.dll" id="4ae54d20-69e8-986f-b7ab-2abc85fda24a">
      <Execution id="23113f59-00e8-45d9-8549-ddb133152101" />
      <TestMethod codeBase="E:/Projects/SGIInventory/SGInvetory/SGInventory.BusinessModel.Test/bin/Debug/SGInventory.BusinessModel.Test.DLL" adapterTypeName="Microsoft.VisualStudio.TestTools.TestTypes.Unit.UnitTestAdapter, Microsoft.VisualStudio.QualityTools.Tips.UnitTest.Adapter, Version=10.0.0.0, Culture=neutral, PublicKeyToken=b03f5f7f11d50a3a" className="SGInventory.BusinessModel.Test.OutletBusinessModelTest, SGInventory.BusinessModel.Test, Version=1.0.0.0, Culture=neutral, PublicKeyToken=null" name="Validate_GivenInAddModeAndTheNameAlreadyExists_ShouldReturnFalse" />
    </UnitTest>
    <UnitTest name="Save_GivenDescriptionExceedTheMaximumLength_Test" storage="e:\projects\sgiinventory\sginvetory\sginventory.presenters.test\bin\debug\sginventory.presenters.test.dll" id="d07ea7f2-0ba1-3755-edbb-5a01a7442d68">
      <Execution id="d0babbf2-4e4d-4b3e-807a-8b68f6057ccb" />
      <TestMethod codeBase="E:/Projects/SGIInventory/SGInvetory/SGInventory.Presenters.Test/bin/Debug/SGInventory.Presenters.Test.DLL" adapterTypeName="Microsoft.VisualStudio.TestTools.TestTypes.Unit.UnitTestAdapter, Microsoft.VisualStudio.QualityTools.Tips.UnitTest.Adapter, Version=10.0.0.0, Culture=neutral, PublicKeyToken=b03f5f7f11d50a3a" className="SGInventory.Presenters.Test.CategoryEditPresenterTest, SGInventory.Presenters.Test, Version=1.0.0.0, Culture=neutral, PublicKeyToken=null" name="Save_GivenDescriptionExceedTheMaximumLength_Test" />
    </UnitTest>
    <UnitTest name="Keypress_GivenThatNameHasLengthCodeHasNoLength_ShouldReturnTrue_Test" storage="e:\projects\sgiinventory\sginvetory\sginventory.presenters.test\bin\debug\sginventory.presenters.test.dll" id="df802102-d237-e330-6248-958a6a0aa8b9">
      <Execution id="c8a67975-266f-4bc9-90ae-0cd139b3e9fa" />
      <TestMethod codeBase="E:/Projects/SGIInventory/SGInvetory/SGInventory.Presenters.Test/bin/Debug/SGInventory.Presenters.Test.DLL" adapterTypeName="Microsoft.VisualStudio.TestTools.TestTypes.Unit.UnitTestAdapter, Microsoft.VisualStudio.QualityTools.Tips.UnitTest.Adapter, Version=10.0.0.0, Culture=neutral, PublicKeyToken=b03f5f7f11d50a3a" className="SGInventory.Presenters.Test.ColorEditPresenterTest, SGInventory.Presenters.Test, Version=1.0.0.0, Culture=neutral, PublicKeyToken=null" name="Keypress_GivenThatNameHasLengthCodeHasNoLength_ShouldReturnTrue_Test" />
    </UnitTest>
    <UnitTest name="DeleteSelectedCategories_GivenTheUserSayNo_Test" storage="e:\projects\sgiinventory\sginvetory\sginventory.presenters.test\bin\debug\sginventory.presenters.test.dll" id="70a33ed0-1988-45aa-e7ca-9e27a97f2dd8">
      <Execution id="54682412-01ac-451f-a8b8-fa0a12b1f3aa" />
      <TestMethod codeBase="E:/Projects/SGIInventory/SGInvetory/SGInventory.Presenters.Test/bin/Debug/SGInventory.Presenters.Test.DLL" adapterTypeName="Microsoft.VisualStudio.TestTools.TestTypes.Unit.UnitTestAdapter, Microsoft.VisualStudio.QualityTools.Tips.UnitTest.Adapter, Version=10.0.0.0, Culture=neutral, PublicKeyToken=b03f5f7f11d50a3a" className="SGInventory.Presenters.Test.SizeSearchPresenterTest, SGInventory.Presenters.Test, Version=1.0.0.0, Culture=neutral, PublicKeyToken=null" name="DeleteSelectedCategories_GivenTheUserSayNo_Test" />
    </UnitTest>
    <UnitTest name="BuildDeliveryDetailsPanelWithAnInitialNonEmptyDeliveryAndNoDamageTest" storage="e:\projects\sgiinventory\sginvetory\sginventory.presenters.test\bin\debug\sginventory.presenters.test.dll" id="08dc6b0f-3858-decb-7953-b26cf57e7287">
      <Execution id="fd188d1b-0e82-45b5-b747-4e5c7ea8208b" />
      <TestMethod codeBase="E:/Projects/SGIInventory/SGInvetory/SGInventory.Presenters.Test/bin/Debug/SGInventory.Presenters.Test.DLL" adapterTypeName="Microsoft.VisualStudio.TestTools.TestTypes.Unit.UnitTestAdapter, Microsoft.VisualStudio.QualityTools.Tips.UnitTest.Adapter, Version=10.0.0.0, Culture=neutral, PublicKeyToken=b03f5f7f11d50a3a" className="SGInventory.Presenters.Test.DeliveryPresenterTest, SGInventory.Presenters.Test, Version=1.0.0.0, Culture=neutral, PublicKeyToken=null" name="BuildDeliveryDetailsPanelWithAnInitialNonEmptyDeliveryAndNoDamageTest" />
    </UnitTest>
    <UnitTest name="ScannerResponseNotOkTest" storage="e:\projects\sgiinventory\sginvetory\sginventory.presenters.test\bin\debug\sginventory.presenters.test.dll" id="b32a286d-447c-44f2-f0e5-3665f3adba00">
      <Execution id="328fe518-b911-485b-a6e9-a0c72a81be9e" />
      <TestMethod codeBase="E:/Projects/SGIInventory/SGInvetory/SGInventory.Presenters.Test/bin/Debug/SGInventory.Presenters.Test.DLL" adapterTypeName="Microsoft.VisualStudio.TestTools.TestTypes.Unit.UnitTestAdapter, Microsoft.VisualStudio.QualityTools.Tips.UnitTest.Adapter, Version=10.0.0.0, Culture=neutral, PublicKeyToken=b03f5f7f11d50a3a" className="SGInventory.Presenters.Test.ScannerPresenterTest, SGInventory.Presenters.Test, Version=1.0.0.0, Culture=neutral, PublicKeyToken=null" name="ScannerResponseNotOkTest" />
    </UnitTest>
    <UnitTest name="Delete_Test" storage="e:\projects\sgiinventory\sginvetory\sginventory.businessmodel.test\bin\debug\sginventory.businessmodel.test.dll" id="6ec02b73-823d-f0af-b087-a3598d31bf1f">
      <Execution id="aec419a9-d6e0-4eb3-8201-d9e8ef75b639" />
      <TestMethod codeBase="E:/Projects/SGIInventory/SGInvetory/SGInventory.BusinessModel.Test/bin/Debug/SGInventory.BusinessModel.Test.DLL" adapterTypeName="Microsoft.VisualStudio.TestTools.TestTypes.Unit.UnitTestAdapter, Microsoft.VisualStudio.QualityTools.Tips.UnitTest.Adapter, Version=10.0.0.0, Culture=neutral, PublicKeyToken=b03f5f7f11d50a3a" className="SGInventory.BusinessModel.Test.ColorBusinessModelTest, SGInventory.BusinessModel.Test, Version=1.0.0.0, Culture=neutral, PublicKeyToken=null" name="Delete_Test" />
    </UnitTest>
    <UnitTest name="SelectByProductDetailstTest" storage="e:\projects\sgiinventory\sginvetory\sginventory.businessmodel.test\bin\debug\sginventory.businessmodel.test.dll" id="6a2e36ee-16e9-760e-fc85-c35d3744586f">
      <Execution id="91be646a-f9a1-41b7-b772-fd3fa2716e29" />
      <TestMethod codeBase="E:/Projects/SGIInventory/SGInvetory/SGInventory.BusinessModel.Test/bin/Debug/SGInventory.BusinessModel.Test.DLL" adapterTypeName="Microsoft.VisualStudio.TestTools.TestTypes.Unit.UnitTestAdapter, Microsoft.VisualStudio.QualityTools.Tips.UnitTest.Adapter, Version=10.0.0.0, Culture=neutral, PublicKeyToken=b03f5f7f11d50a3a" className="SGInventory.BusinessModel.Test.SizeBusinessModelTest, SGInventory.BusinessModel.Test, Version=1.0.0.0, Culture=neutral, PublicKeyToken=null" name="SelectByProductDetailstTest" />
    </UnitTest>
    <UnitTest name="ValidationError_GivenUserNameExceedsTheLimit_Test" storage="e:\projects\sgiinventory\sginvetory\sginventory.presenters.test\bin\debug\sginventory.presenters.test.dll" id="989d61d5-4f00-deb9-93ae-00b5cc4361a8">
      <Execution id="0a2d907e-7946-4306-a501-4b1ce6e68035" />
      <TestMethod codeBase="E:/Projects/SGIInventory/SGInvetory/SGInventory.Presenters.Test/bin/Debug/SGInventory.Presenters.Test.DLL" adapterTypeName="Microsoft.VisualStudio.TestTools.TestTypes.Unit.UnitTestAdapter, Microsoft.VisualStudio.QualityTools.Tips.UnitTest.Adapter, Version=10.0.0.0, Culture=neutral, PublicKeyToken=b03f5f7f11d50a3a" className="SGInventory.Presenters.Test.UserEditPresenterTest, SGInventory.Presenters.Test, Version=1.0.0.0, Culture=neutral, PublicKeyToken=null" name="ValidationError_GivenUserNameExceedsTheLimit_Test" />
    </UnitTest>
    <UnitTest name="SelectByPrimaryKey_GivenPrimaryKey_ReturnShouldNotBeNull" storage="e:\projects\sgiinventory\sginvetory\sginvetory.dal.test\bin\debug\sginventory.dal.test.dll" id="84fd3cae-9802-1d73-5e1c-a78d7fd1c84d">
      <Execution id="a3152fe8-1a42-4884-9669-b827b0e6c5ed" />
      <TestMethod codeBase="E:/Projects/SGIInventory/SGInvetory/SGInvetory.DAL.Test/bin/Debug/SGInventory.DAL.Test.DLL" adapterTypeName="Microsoft.VisualStudio.TestTools.TestTypes.Unit.UnitTestAdapter, Microsoft.VisualStudio.QualityTools.Tips.UnitTest.Adapter, Version=10.0.0.0, Culture=neutral, PublicKeyToken=b03f5f7f11d50a3a" className="SGInventory.DAL.Test.ProductDetailDalTest, SGInventory.DAL.Test, Version=1.0.0.0, Culture=neutral, PublicKeyToken=null" name="SelectByPrimaryKey_GivenPrimaryKey_ReturnShouldNotBeNull" />
    </UnitTest>
    <UnitTest name="SaveOrUpdate" storage="e:\projects\sgiinventory\sginvetory\sginvetory.dal.test\bin\debug\sginventory.dal.test.dll" id="f6efb228-afe7-15e3-3cf2-99c928893805">
      <Execution id="d7a68155-d665-44de-a48d-aaf14b496cd0" />
      <TestMethod codeBase="E:/Projects/SGIInventory/SGInvetory/SGInvetory.DAL.Test/bin/Debug/SGInventory.DAL.Test.DLL" adapterTypeName="Microsoft.VisualStudio.TestTools.TestTypes.Unit.UnitTestAdapter, Microsoft.VisualStudio.QualityTools.Tips.UnitTest.Adapter, Version=10.0.0.0, Culture=neutral, PublicKeyToken=b03f5f7f11d50a3a" className="SGInventory.DAL.Test.OutletTest, SGInventory.DAL.Test, Version=1.0.0.0, Culture=neutral, PublicKeyToken=null" name="SaveOrUpdate" />
    </UnitTest>
    <UnitTest name="PopulateModelToEditForm_Test" storage="e:\projects\sgiinventory\sginvetory\sginventory.presenters.test\bin\debug\sginventory.presenters.test.dll" id="aa04e3c5-5802-6d1d-3440-7c0dd938c92e">
      <Execution id="ca0b255d-07f0-437b-9a13-1827c6643ff1" />
      <TestMethod codeBase="E:/Projects/SGIInventory/SGInvetory/SGInventory.Presenters.Test/bin/Debug/SGInventory.Presenters.Test.DLL" adapterTypeName="Microsoft.VisualStudio.TestTools.TestTypes.Unit.UnitTestAdapter, Microsoft.VisualStudio.QualityTools.Tips.UnitTest.Adapter, Version=10.0.0.0, Culture=neutral, PublicKeyToken=b03f5f7f11d50a3a" className="SGInventory.Presenters.Test.ProductDetailSearchPresenterTest, SGInventory.Presenters.Test, Version=1.0.0.0, Culture=neutral, PublicKeyToken=null" name="PopulateModelToEditForm_Test" />
    </UnitTest>
    <UnitTest name="DeleteSelectedModels_GivenTheUserSayNo_Test" storage="e:\projects\sgiinventory\sginvetory\sginventory.presenters.test\bin\debug\sginventory.presenters.test.dll" id="58e12531-db4b-c490-c432-e51ba1ab7ea2">
      <Execution id="5fd8cb88-655d-4936-800e-844e784ebf1e" />
      <TestMethod codeBase="E:/Projects/SGIInventory/SGInvetory/SGInventory.Presenters.Test/bin/Debug/SGInventory.Presenters.Test.DLL" adapterTypeName="Microsoft.VisualStudio.TestTools.TestTypes.Unit.UnitTestAdapter, Microsoft.VisualStudio.QualityTools.Tips.UnitTest.Adapter, Version=10.0.0.0, Culture=neutral, PublicKeyToken=b03f5f7f11d50a3a" className="SGInventory.Presenters.Test.UserSearchPresenterTest, SGInventory.Presenters.Test, Version=1.0.0.0, Culture=neutral, PublicKeyToken=null" name="DeleteSelectedModels_GivenTheUserSayNo_Test" />
    </UnitTest>
    <UnitTest name="LogIn_GivenCredential_IsValid_ResultClosingOfLogInForm" storage="e:\projects\sgiinventory\sginvetory\sginventory.presenters.test\bin\debug\sginventory.presenters.test.dll" id="9ff9846c-9460-0889-c7c6-d1f3d898ca8a">
      <Execution id="d15e625f-880c-428d-a234-66bd0a61cb54" />
      <TestMethod codeBase="E:/Projects/SGIInventory/SGInvetory/SGInventory.Presenters.Test/bin/Debug/SGInventory.Presenters.Test.DLL" adapterTypeName="Microsoft.VisualStudio.TestTools.TestTypes.Unit.UnitTestAdapter, Microsoft.VisualStudio.QualityTools.Tips.UnitTest.Adapter, Version=10.0.0.0, Culture=neutral, PublicKeyToken=b03f5f7f11d50a3a" className="SGInventory.Presenters.Test.LogInPresenterTest, SGInventory.Presenters.Test, Version=1.0.0.0, Culture=neutral, PublicKeyToken=null" name="LogIn_GivenCredential_IsValid_ResultClosingOfLogInForm" />
    </UnitTest>
    <UnitTest name="BuildDeliveryDetails_Issue_001_Test" storage="e:\projects\sgiinventory\sginvetory\sginventory.presenters.test\bin\debug\sginventory.presenters.test.dll" id="8a737c96-b1b7-c951-5c82-9f4289c05abe">
      <Execution id="f61ff2c3-42be-4eda-8131-7fd7db5f6983" />
      <TestMethod codeBase="E:/Projects/SGIInventory/SGInvetory/SGInventory.Presenters.Test/bin/Debug/SGInventory.Presenters.Test.DLL" adapterTypeName="Microsoft.VisualStudio.TestTools.TestTypes.Unit.UnitTestAdapter, Microsoft.VisualStudio.QualityTools.Tips.UnitTest.Adapter, Version=10.0.0.0, Culture=neutral, PublicKeyToken=b03f5f7f11d50a3a" className="SGInventory.Presenters.Test.DeliveryPresenterTest, SGInventory.Presenters.Test, Version=1.0.0.0, Culture=neutral, PublicKeyToken=null" name="BuildDeliveryDetails_Issue_001_Test" />
    </UnitTest>
    <UnitTest name="AddModel_Test" storage="e:\projects\sgiinventory\sginvetory\sginventory.presenters.test\bin\debug\sginventory.presenters.test.dll" id="9e187ad4-d253-fd03-588e-b6539c32581a">
      <Execution id="d3f4517e-35cd-4534-8ee9-2efc6f8e98dd" />
      <TestMethod codeBase="E:/Projects/SGIInventory/SGInvetory/SGInventory.Presenters.Test/bin/Debug/SGInventory.Presenters.Test.DLL" adapterTypeName="Microsoft.VisualStudio.TestTools.TestTypes.Unit.UnitTestAdapter, Microsoft.VisualStudio.QualityTools.Tips.UnitTest.Adapter, Version=10.0.0.0, Culture=neutral, PublicKeyToken=b03f5f7f11d50a3a" className="SGInventory.Presenters.Test.SizeSearchPresenterTest, SGInventory.Presenters.Test, Version=1.0.0.0, Culture=neutral, PublicKeyToken=null" name="AddModel_Test" />
    </UnitTest>
    <UnitTest name="SaveOrUpdate" storage="e:\projects\sgiinventory\sginvetory\sginvetory.dal.test\bin\debug\sginventory.dal.test.dll" id="f616ad3b-1c96-1b93-b373-13ac9b69af60">
      <Execution id="780314db-41f3-42d6-88a4-08df3c3f9231" />
      <TestMethod codeBase="E:/Projects/SGIInventory/SGInvetory/SGInvetory.DAL.Test/bin/Debug/SGInventory.DAL.Test.DLL" adapterTypeName="Microsoft.VisualStudio.TestTools.TestTypes.Unit.UnitTestAdapter, Microsoft.VisualStudio.QualityTools.Tips.UnitTest.Adapter, Version=10.0.0.0, Culture=neutral, PublicKeyToken=b03f5f7f11d50a3a" className="SGInventory.DAL.Test.WashingDalTest, SGInventory.DAL.Test, Version=1.0.0.0, Culture=neutral, PublicKeyToken=null" name="SaveOrUpdate" />
    </UnitTest>
    <UnitTest name="LoadProductStatusTest" storage="e:\projects\sgiinventory\sginvetory\sginventory.presenters.test\bin\debug\sginventory.presenters.test.dll" id="4eb87f62-6044-b074-ea4d-e895f913a38d">
      <Execution id="35d86d45-e8d3-458b-a94b-30d3d84d03f7" />
      <TestMethod codeBase="E:/Projects/SGIInventory/SGInvetory/SGInventory.Presenters.Test/bin/Debug/SGInventory.Presenters.Test.DLL" adapterTypeName="Microsoft.VisualStudio.TestTools.TestTypes.Unit.UnitTestAdapter, Microsoft.VisualStudio.QualityTools.Tips.UnitTest.Adapter, Version=10.0.0.0, Culture=neutral, PublicKeyToken=b03f5f7f11d50a3a" className="SGInventory.Presenters.Test.DeliveryPresenterTest, SGInventory.Presenters.Test, Version=1.0.0.0, Culture=neutral, PublicKeyToken=null" name="LoadProductStatusTest" />
    </UnitTest>
    <UnitTest name="DisableOrEnableSaveDeliveryButton_Given_EmptyOrNumber_Test" storage="e:\projects\sgiinventory\sginvetory\sginventory.presenters.test\bin\debug\sginventory.presenters.test.dll" id="53ca1852-49a0-a11c-e7e8-a284473e42dd">
      <Execution id="f433fd7c-9a95-4ae3-91f4-f5b5e8b57eef" />
      <TestMethod codeBase="E:/Projects/SGIInventory/SGInvetory/SGInventory.Presenters.Test/bin/Debug/SGInventory.Presenters.Test.DLL" adapterTypeName="Microsoft.VisualStudio.TestTools.TestTypes.Unit.UnitTestAdapter, Microsoft.VisualStudio.QualityTools.Tips.UnitTest.Adapter, Version=10.0.0.0, Culture=neutral, PublicKeyToken=b03f5f7f11d50a3a" className="SGInventory.Presenters.Test.DeliveryPresenterTest, SGInventory.Presenters.Test, Version=1.0.0.0, Culture=neutral, PublicKeyToken=null" name="DisableOrEnableSaveDeliveryButton_Given_EmptyOrNumber_Test" />
    </UnitTest>
    <UnitTest name="SelectByPrimaryId_GivenTheIdNotExists_ShouldReturnEmptyCollectionTest" storage="e:\projects\sgiinventory\sginvetory\sginventory.businessmodel.test\bin\debug\sginventory.businessmodel.test.dll" id="324a1a1f-ce2b-9ccb-c816-31af5d3f332e">
      <Execution id="db74fe63-8c7f-41a1-9e04-f58b2511b6ad" />
      <TestMethod codeBase="E:/Projects/SGIInventory/SGInvetory/SGInventory.BusinessModel.Test/bin/Debug/SGInventory.BusinessModel.Test.DLL" adapterTypeName="Microsoft.VisualStudio.TestTools.TestTypes.Unit.UnitTestAdapter, Microsoft.VisualStudio.QualityTools.Tips.UnitTest.Adapter, Version=10.0.0.0, Culture=neutral, PublicKeyToken=b03f5f7f11d50a3a" className="SGInventory.BusinessModel.Test.SupplierBusinessModelTest, SGInventory.BusinessModel.Test, Version=1.0.0.0, Culture=neutral, PublicKeyToken=null" name="SelectByPrimaryId_GivenTheIdNotExists_ShouldReturnEmptyCollectionTest" />
    </UnitTest>
    <UnitTest name="SelectByDeliveryDate_Test" storage="e:\projects\sgiinventory\sginvetory\sginventory.businessmodel.test\bin\debug\sginventory.businessmodel.test.dll" id="3b19a912-97d6-b596-0130-431788f11b4d">
      <Execution id="3a29efd2-d5b7-4445-b916-3d0a97b95add" />
      <TestMethod codeBase="E:/Projects/SGIInventory/SGInvetory/SGInventory.BusinessModel.Test/bin/Debug/SGInventory.BusinessModel.Test.DLL" adapterTypeName="Microsoft.VisualStudio.TestTools.TestTypes.Unit.UnitTestAdapter, Microsoft.VisualStudio.QualityTools.Tips.UnitTest.Adapter, Version=10.0.0.0, Culture=neutral, PublicKeyToken=b03f5f7f11d50a3a" className="SGInventory.BusinessModel.Test.DeliveryBusinessModelTest, SGInventory.BusinessModel.Test, Version=1.0.0.0, Culture=neutral, PublicKeyToken=null" name="SelectByDeliveryDate_Test" />
    </UnitTest>
    <UnitTest name="SelectByPrimaryIdCategory__GivenTheIdNotExists_ShouldReturnEmptyCollectionTest" storage="e:\projects\sgiinventory\sginvetory\sginventory.businessmodel.test\bin\debug\sginventory.businessmodel.test.dll" id="70a17d9d-fb4e-8c3e-de5e-9e96a71dfe0d">
      <Execution id="51856618-f9b6-4c44-84f8-fc9751a0db43" />
      <TestMethod codeBase="E:/Projects/SGIInventory/SGInvetory/SGInventory.BusinessModel.Test/bin/Debug/SGInventory.BusinessModel.Test.DLL" adapterTypeName="Microsoft.VisualStudio.TestTools.TestTypes.Unit.UnitTestAdapter, Microsoft.VisualStudio.QualityTools.Tips.UnitTest.Adapter, Version=10.0.0.0, Culture=neutral, PublicKeyToken=b03f5f7f11d50a3a" className="SGInventory.Business.Model.CategoryBusinessModelTest, SGInventory.BusinessModel.Test, Version=1.0.0.0, Culture=neutral, PublicKeyToken=null" name="SelectByPrimaryIdCategory__GivenTheIdNotExists_ShouldReturnEmptyCollectionTest" />
    </UnitTest>
    <UnitTest name="SelectByPrimaryKey_GivenPrimaryKey_ReturnShouldNotBeNull" storage="e:\projects\sgiinventory\sginvetory\sginvetory.dal.test\bin\debug\sginventory.dal.test.dll" id="60254a77-70ff-2975-ebe1-66d52b47f210">
      <Execution id="31f4e1a7-37d9-4d16-8300-a64d7172ac5b" />
      <TestMethod codeBase="E:/Projects/SGIInventory/SGInvetory/SGInvetory.DAL.Test/bin/Debug/SGInventory.DAL.Test.DLL" adapterTypeName="Microsoft.VisualStudio.TestTools.TestTypes.Unit.UnitTestAdapter, Microsoft.VisualStudio.QualityTools.Tips.UnitTest.Adapter, Version=10.0.0.0, Culture=neutral, PublicKeyToken=b03f5f7f11d50a3a" className="SGInventory.DAL.Test.UserDalTest, SGInventory.DAL.Test, Version=1.0.0.0, Culture=neutral, PublicKeyToken=null" name="SelectByPrimaryKey_GivenPrimaryKey_ReturnShouldNotBeNull" />
    </UnitTest>
    <UnitTest name="SelectBySp_GivenThereIsAParameter_ReturnShouldBeInList" storage="e:\projects\sgiinventory\sginvetory\sginvetory.dal.test\bin\debug\sginventory.dal.test.dll" id="3b0ac9e6-348b-3458-4702-32837ddfa841">
      <Execution id="af681961-761a-47dc-bd4d-47b98198fcd6" />
      <TestMethod codeBase="E:/Projects/SGIInventory/SGInvetory/SGInvetory.DAL.Test/bin/Debug/SGInventory.DAL.Test.DLL" adapterTypeName="Microsoft.VisualStudio.TestTools.TestTypes.Unit.UnitTestAdapter, Microsoft.VisualStudio.QualityTools.Tips.UnitTest.Adapter, Version=10.0.0.0, Culture=neutral, PublicKeyToken=b03f5f7f11d50a3a" className="SGInventory.DAL.Test.SupplierDalTest, SGInventory.DAL.Test, Version=1.0.0.0, Culture=neutral, PublicKeyToken=null" name="SelectBySp_GivenThereIsAParameter_ReturnShouldBeInList" />
    </UnitTest>
    <UnitTest name="LoadCategories_GivenAllCategories_Test" storage="e:\projects\sgiinventory\sginvetory\sginventory.presenters.test\bin\debug\sginventory.presenters.test.dll" id="d0d75e97-a3ad-e770-d99c-e7793cdaaf16">
      <Execution id="6ef9df8b-4cdb-4d90-8311-0405dcd766d6" />
      <TestMethod codeBase="E:/Projects/SGIInventory/SGInvetory/SGInventory.Presenters.Test/bin/Debug/SGInventory.Presenters.Test.DLL" adapterTypeName="Microsoft.VisualStudio.TestTools.TestTypes.Unit.UnitTestAdapter, Microsoft.VisualStudio.QualityTools.Tips.UnitTest.Adapter, Version=10.0.0.0, Culture=neutral, PublicKeyToken=b03f5f7f11d50a3a" className="SGInventory.Presenters.Test.SizeSearchPresenterTest, SGInventory.Presenters.Test, Version=1.0.0.0, Culture=neutral, PublicKeyToken=null" name="LoadCategories_GivenAllCategories_Test" />
    </UnitTest>
    <UnitTest name="SelectByPrimaryKey_GivenPrimaryKey_ReturnShouldNotBeNull" storage="e:\projects\sgiinventory\sginvetory\sginvetory.dal.test\bin\debug\sginventory.dal.test.dll" id="a6f44b3b-d192-d47e-4da9-106d54454e08">
      <Execution id="b370307a-f567-4ef2-9fc5-cb1ced4dc820" />
      <TestMethod codeBase="E:/Projects/SGIInventory/SGInvetory/SGInvetory.DAL.Test/bin/Debug/SGInventory.DAL.Test.DLL" adapterTypeName="Microsoft.VisualStudio.TestTools.TestTypes.Unit.UnitTestAdapter, Microsoft.VisualStudio.QualityTools.Tips.UnitTest.Adapter, Version=10.0.0.0, Culture=neutral, PublicKeyToken=b03f5f7f11d50a3a" className="SGInventory.DAL.Test.SupplierDalTest, SGInventory.DAL.Test, Version=1.0.0.0, Culture=neutral, PublicKeyToken=null" name="SelectByPrimaryKey_GivenPrimaryKey_ReturnShouldNotBeNull" />
    </UnitTest>
    <UnitTest name="SaveCategory_GivenTheNameNotExistsUpdate_ResultSuccessfull" storage="e:\projects\sgiinventory\sginvetory\sginventory.businessmodel.test\bin\debug\sginventory.businessmodel.test.dll" id="34215581-689a-93ae-3c88-007ee8d20375">
      <Execution id="87a8493e-8e79-472c-85d8-bca0cc99ddcf" />
      <TestMethod codeBase="E:/Projects/SGIInventory/SGInvetory/SGInventory.BusinessModel.Test/bin/Debug/SGInventory.BusinessModel.Test.DLL" adapterTypeName="Microsoft.VisualStudio.TestTools.TestTypes.Unit.UnitTestAdapter, Microsoft.VisualStudio.QualityTools.Tips.UnitTest.Adapter, Version=10.0.0.0, Culture=neutral, PublicKeyToken=b03f5f7f11d50a3a" className="SGInventory.Business.Model.CategoryBusinessModelTest, SGInventory.BusinessModel.Test, Version=1.0.0.0, Culture=neutral, PublicKeyToken=null" name="SaveCategory_GivenTheNameNotExistsUpdate_ResultSuccessfull" />
    </UnitTest>
    <UnitTest name="SaveModel_GivenModelIsNewValidFieldsWashingCodeNotExistsButNameExistsQueryHasNoResult_ResultSuccessfull" storage="e:\projects\sgiinventory\sginvetory\sginventory.businessmodel.test\bin\debug\sginventory.businessmodel.test.dll" id="3f1008a6-e6ba-5f43-71e6-692b463e72ff">
      <Execution id="c161f974-6a63-4060-b2bd-dabaa864d3cf" />
      <TestMethod codeBase="E:/Projects/SGIInventory/SGInvetory/SGInventory.BusinessModel.Test/bin/Debug/SGInventory.BusinessModel.Test.DLL" adapterTypeName="Microsoft.VisualStudio.TestTools.TestTypes.Unit.UnitTestAdapter, Microsoft.VisualStudio.QualityTools.Tips.UnitTest.Adapter, Version=10.0.0.0, Culture=neutral, PublicKeyToken=b03f5f7f11d50a3a" className="SGInventory.BusinessModel.Test.WashingBusinessModelTest, SGInventory.BusinessModel.Test, Version=1.0.0.0, Culture=neutral, PublicKeyToken=null" name="SaveModel_GivenModelIsNewValidFieldsWashingCodeNotExistsButNameExistsQueryHasNoResult_ResultSuccessfull" />
    </UnitTest>
    <UnitTest name="Delete" storage="e:\projects\sgiinventory\sginvetory\sginvetory.dal.test\bin\debug\sginventory.dal.test.dll" id="7c58561d-a0ec-72d7-0151-1803097c4b45">
      <Execution id="b57d29b5-74cd-467c-a224-0cc9eb3f0b1b" />
      <TestMethod codeBase="E:/Projects/SGIInventory/SGInvetory/SGInvetory.DAL.Test/bin/Debug/SGInventory.DAL.Test.DLL" adapterTypeName="Microsoft.VisualStudio.TestTools.TestTypes.Unit.UnitTestAdapter, Microsoft.VisualStudio.QualityTools.Tips.UnitTest.Adapter, Version=10.0.0.0, Culture=neutral, PublicKeyToken=b03f5f7f11d50a3a" className="SGInventory.DAL.Test.OutletTest, SGInventory.DAL.Test, Version=1.0.0.0, Culture=neutral, PublicKeyToken=null" name="Delete" />
    </UnitTest>
    <UnitTest name="InitialLoad_EditMode_Test" storage="e:\projects\sgiinventory\sginvetory\sginventory.presenters.test\bin\debug\sginventory.presenters.test.dll" id="ccf1d8fd-6364-029c-2047-b39fe5f42649">
      <Execution id="4f58e0c9-29a5-48c1-9221-867ee573936b" />
      <TestMethod codeBase="E:/Projects/SGIInventory/SGInvetory/SGInventory.Presenters.Test/bin/Debug/SGInventory.Presenters.Test.DLL" adapterTypeName="Microsoft.VisualStudio.TestTools.TestTypes.Unit.UnitTestAdapter, Microsoft.VisualStudio.QualityTools.Tips.UnitTest.Adapter, Version=10.0.0.0, Culture=neutral, PublicKeyToken=b03f5f7f11d50a3a" className="SGInventory.Presenters.Test.DeliveryPresenterTest, SGInventory.Presenters.Test, Version=1.0.0.0, Culture=neutral, PublicKeyToken=null" name="InitialLoad_EditMode_Test" />
    </UnitTest>
    <UnitTest name="LoadAllModels_Test" storage="e:\projects\sgiinventory\sginvetory\sginventory.presenters.test\bin\debug\sginventory.presenters.test.dll" id="964f826f-4e15-d08c-244f-65b0e07d69a5">
      <Execution id="5b97a8c1-9c31-44d5-baac-661da8a0cdc9" />
      <TestMethod codeBase="E:/Projects/SGIInventory/SGInvetory/SGInventory.Presenters.Test/bin/Debug/SGInventory.Presenters.Test.DLL" adapterTypeName="Microsoft.VisualStudio.TestTools.TestTypes.Unit.UnitTestAdapter, Microsoft.VisualStudio.QualityTools.Tips.UnitTest.Adapter, Version=10.0.0.0, Culture=neutral, PublicKeyToken=b03f5f7f11d50a3a" className="SGInventory.Presenters.Test.WashingSearchPresenterTest, SGInventory.Presenters.Test, Version=1.0.0.0, Culture=neutral, PublicKeyToken=null" name="LoadAllModels_Test" />
    </UnitTest>
    <UnitTest name="Validate_GivenInAddModeAndTheUserNameAlreadyExists_ShouldReturnFalse" storage="e:\projects\sgiinventory\sginvetory\sginventory.businessmodel.test\bin\debug\sginventory.businessmodel.test.dll" id="76c75cb5-a994-6fb2-3465-221b73046ddd">
      <Execution id="1a0aed96-a92e-4c76-82a4-dd7517fa2758" />
      <TestMethod codeBase="E:/Projects/SGIInventory/SGInvetory/SGInventory.BusinessModel.Test/bin/Debug/SGInventory.BusinessModel.Test.DLL" adapterTypeName="Microsoft.VisualStudio.TestTools.TestTypes.Unit.UnitTestAdapter, Microsoft.VisualStudio.QualityTools.Tips.UnitTest.Adapter, Version=10.0.0.0, Culture=neutral, PublicKeyToken=b03f5f7f11d50a3a" className="SGInventory.BusinessModel.Test.UserBusinessModelTest, SGInventory.BusinessModel.Test, Version=1.0.0.0, Culture=neutral, PublicKeyToken=null" name="Validate_GivenInAddModeAndTheUserNameAlreadyExists_ShouldReturnFalse" />
    </UnitTest>
    <UnitTest name="SaveModel_GivenModelIsNewValidFieldsNameAlreadyExistsQueryHasResult_ResultUnsuccessfull" storage="e:\projects\sgiinventory\sginvetory\sginventory.businessmodel.test\bin\debug\sginventory.businessmodel.test.dll" id="bf319038-565b-c446-26a6-f82c6abe2cb7">
      <Execution id="79489ffa-ba05-41d2-940e-f43169416846" />
      <TestMethod codeBase="E:/Projects/SGIInventory/SGInvetory/SGInventory.BusinessModel.Test/bin/Debug/SGInventory.BusinessModel.Test.DLL" adapterTypeName="Microsoft.VisualStudio.TestTools.TestTypes.Unit.UnitTestAdapter, Microsoft.VisualStudio.QualityTools.Tips.UnitTest.Adapter, Version=10.0.0.0, Culture=neutral, PublicKeyToken=b03f5f7f11d50a3a" className="SGInventory.BusinessModel.Test.OutletBusinessModelTest, SGInventory.BusinessModel.Test, Version=1.0.0.0, Culture=neutral, PublicKeyToken=null" name="SaveModel_GivenModelIsNewValidFieldsNameAlreadyExistsQueryHasResult_ResultUnsuccessfull" />
    </UnitTest>
    <UnitTest name="SelectBySp_GivenThereIsNoParameter_ReturnShouldBeInList" storage="e:\projects\sgiinventory\sginvetory\sginvetory.dal.test\bin\debug\sginventory.dal.test.dll" id="338f261d-879c-1700-36a6-5fe3d54286b2">
      <Execution id="bb676f40-2c8e-4173-acd5-8e84077251b0" />
      <TestMethod codeBase="E:/Projects/SGIInventory/SGInvetory/SGInvetory.DAL.Test/bin/Debug/SGInventory.DAL.Test.DLL" adapterTypeName="Microsoft.VisualStudio.TestTools.TestTypes.Unit.UnitTestAdapter, Microsoft.VisualStudio.QualityTools.Tips.UnitTest.Adapter, Version=10.0.0.0, Culture=neutral, PublicKeyToken=b03f5f7f11d50a3a" className="SGInventory.DAL.Test.CategoryDalTest, SGInventory.DAL.Test, Version=1.0.0.0, Culture=neutral, PublicKeyToken=null" name="SelectBySp_GivenThereIsNoParameter_ReturnShouldBeInList" />
    </UnitTest>
    <UnitTest name="SaveModel_GivenModelIsNewValidFieldsWashingCodeAndNameNotExistsQueryHasNoResult_ResultSuccessfull" storage="e:\projects\sgiinventory\sginvetory\sginventory.businessmodel.test\bin\debug\sginventory.businessmodel.test.dll" id="d6ba2605-b78b-2dbd-242d-a688bc0d5d21">
      <Execution id="a55ae362-871b-4d72-89fe-7bc1f7b5753f" />
      <TestMethod codeBase="E:/Projects/SGIInventory/SGInvetory/SGInventory.BusinessModel.Test/bin/Debug/SGInventory.BusinessModel.Test.DLL" adapterTypeName="Microsoft.VisualStudio.TestTools.TestTypes.Unit.UnitTestAdapter, Microsoft.VisualStudio.QualityTools.Tips.UnitTest.Adapter, Version=10.0.0.0, Culture=neutral, PublicKeyToken=b03f5f7f11d50a3a" className="SGInventory.BusinessModel.Test.WashingBusinessModelTest, SGInventory.BusinessModel.Test, Version=1.0.0.0, Culture=neutral, PublicKeyToken=null" name="SaveModel_GivenModelIsNewValidFieldsWashingCodeAndNameNotExistsQueryHasNoResult_ResultSuccessfull" />
    </UnitTest>
    <UnitTest name="Keypress_GivenThatNameHasNoLengthCodeHasLength_ShouldReturnTrue_Test" storage="e:\projects\sgiinventory\sginvetory\sginventory.presenters.test\bin\debug\sginventory.presenters.test.dll" id="2d4db8a3-e895-922b-a282-812e4f72f742">
      <Execution id="81271425-5468-4982-9032-8acf20581b46" />
      <TestMethod codeBase="E:/Projects/SGIInventory/SGInvetory/SGInventory.Presenters.Test/bin/Debug/SGInventory.Presenters.Test.DLL" adapterTypeName="Microsoft.VisualStudio.TestTools.TestTypes.Unit.UnitTestAdapter, Microsoft.VisualStudio.QualityTools.Tips.UnitTest.Adapter, Version=10.0.0.0, Culture=neutral, PublicKeyToken=b03f5f7f11d50a3a" className="SGInventory.Presenters.Test.WashingEditPresenterTest, SGInventory.Presenters.Test, Version=1.0.0.0, Culture=neutral, PublicKeyToken=null" name="Keypress_GivenThatNameHasNoLengthCodeHasLength_ShouldReturnTrue_Test" />
    </UnitTest>
    <UnitTest name="LoadAllModels_Test" storage="e:\projects\sgiinventory\sginvetory\sginventory.presenters.test\bin\debug\sginventory.presenters.test.dll" id="b2f748e5-9d74-6d60-360d-6dfd3bbe5ab5">
      <Execution id="4031ee6a-6ec0-4b4e-86bf-751690d1d5d0" />
      <TestMethod codeBase="E:/Projects/SGIInventory/SGInvetory/SGInventory.Presenters.Test/bin/Debug/SGInventory.Presenters.Test.DLL" adapterTypeName="Microsoft.VisualStudio.TestTools.TestTypes.Unit.UnitTestAdapter, Microsoft.VisualStudio.QualityTools.Tips.UnitTest.Adapter, Version=10.0.0.0, Culture=neutral, PublicKeyToken=b03f5f7f11d50a3a" className="SGInventory.Presenters.Test.ProductSearchPresenterTest, SGInventory.Presenters.Test, Version=1.0.0.0, Culture=neutral, PublicKeyToken=null" name="LoadAllModels_Test" />
    </UnitTest>
    <UnitTest name="Delete" storage="e:\projects\sgiinventory\sginvetory\sginvetory.dal.test\bin\debug\sginventory.dal.test.dll" id="aceeaf06-5f9a-cc19-3a25-97792566d8c3">
      <Execution id="3b4e6f59-33cb-4798-8f97-e59d9e4501b0" />
      <TestMethod codeBase="E:/Projects/SGIInventory/SGInvetory/SGInvetory.DAL.Test/bin/Debug/SGInventory.DAL.Test.DLL" adapterTypeName="Microsoft.VisualStudio.TestTools.TestTypes.Unit.UnitTestAdapter, Microsoft.VisualStudio.QualityTools.Tips.UnitTest.Adapter, Version=10.0.0.0, Culture=neutral, PublicKeyToken=b03f5f7f11d50a3a" className="SGInventory.DAL.Test.WashingDalTest, SGInventory.DAL.Test, Version=1.0.0.0, Culture=neutral, PublicKeyToken=null" name="Delete" />
    </UnitTest>
    <UnitTest name="SaveDelivery_Given_Delivery_Detail_IsNull" storage="e:\projects\sgiinventory\sginvetory\sginventory.presenters.test\bin\debug\sginventory.presenters.test.dll" id="9b4b7832-1dfe-9ab1-20b0-314be6fd0d43">
      <Execution id="0917c644-338a-4587-913f-f62fd1fda653" />
      <TestMethod codeBase="E:/Projects/SGIInventory/SGInvetory/SGInventory.Presenters.Test/bin/Debug/SGInventory.Presenters.Test.DLL" adapterTypeName="Microsoft.VisualStudio.TestTools.TestTypes.Unit.UnitTestAdapter, Microsoft.VisualStudio.QualityTools.Tips.UnitTest.Adapter, Version=10.0.0.0, Culture=neutral, PublicKeyToken=b03f5f7f11d50a3a" className="SGInventory.Presenters.Test.DeliveryPresenterTest, SGInventory.Presenters.Test, Version=1.0.0.0, Culture=neutral, PublicKeyToken=null" name="SaveDelivery_Given_Delivery_Detail_IsNull" />
    </UnitTest>
    <UnitTest name="SelectByPrimaryKey_GivenPrimaryKey_ReturnShouldNotBeNull" storage="e:\projects\sgiinventory\sginvetory\sginvetory.dal.test\bin\debug\sginventory.dal.test.dll" id="db8ae9f9-5df8-b0a0-0491-27533efc01dd">
      <Execution id="13f59be8-910d-49fc-861d-e00d5cff1307" />
      <TestMethod codeBase="E:/Projects/SGIInventory/SGInvetory/SGInvetory.DAL.Test/bin/Debug/SGInventory.DAL.Test.DLL" adapterTypeName="Microsoft.VisualStudio.TestTools.TestTypes.Unit.UnitTestAdapter, Microsoft.VisualStudio.QualityTools.Tips.UnitTest.Adapter, Version=10.0.0.0, Culture=neutral, PublicKeyToken=b03f5f7f11d50a3a" className="SGInventory.DAL.Test.OutletTest, SGInventory.DAL.Test, Version=1.0.0.0, Culture=neutral, PublicKeyToken=null" name="SelectByPrimaryKey_GivenPrimaryKey_ReturnShouldNotBeNull" />
    </UnitTest>
    <UnitTest name="LoadAll_GivenAllAreSelected_Test" storage="e:\projects\sgiinventory\sginvetory\sginventory.presenters.test\bin\debug\sginventory.presenters.test.dll" id="7d3a4128-3efb-f9cb-3938-7960045091d6">
      <Execution id="bc55f4b5-5192-4388-af91-91344499c1fe" />
      <TestMethod codeBase="E:/Projects/SGIInventory/SGInvetory/SGInventory.Presenters.Test/bin/Debug/SGInventory.Presenters.Test.DLL" adapterTypeName="Microsoft.VisualStudio.TestTools.TestTypes.Unit.UnitTestAdapter, Microsoft.VisualStudio.QualityTools.Tips.UnitTest.Adapter, Version=10.0.0.0, Culture=neutral, PublicKeyToken=b03f5f7f11d50a3a" className="SGInventory.Presenters.Test.UserSearchPresenterTest, SGInventory.Presenters.Test, Version=1.0.0.0, Culture=neutral, PublicKeyToken=null" name="LoadAll_GivenAllAreSelected_Test" />
    </UnitTest>
    <UnitTest name="Save_GivenProduct_IsNew_And_StockNumber_Exists" storage="e:\projects\sgiinventory\sginvetory\sginventory.businessmodel.test\bin\debug\sginventory.businessmodel.test.dll" id="86bd0d16-562f-cc8a-c2fa-2e6243b45983">
      <Execution id="040cacf2-d7f6-4fa2-80af-28c10db0c1e4" />
      <TestMethod codeBase="E:/Projects/SGIInventory/SGInvetory/SGInventory.BusinessModel.Test/bin/Debug/SGInventory.BusinessModel.Test.DLL" adapterTypeName="Microsoft.VisualStudio.TestTools.TestTypes.Unit.UnitTestAdapter, Microsoft.VisualStudio.QualityTools.Tips.UnitTest.Adapter, Version=10.0.0.0, Culture=neutral, PublicKeyToken=b03f5f7f11d50a3a" className="SGInventory.BusinessModel.Test.ProductBusinessModelTest, SGInventory.BusinessModel.Test, Version=1.0.0.0, Culture=neutral, PublicKeyToken=null" name="Save_GivenProduct_IsNew_And_StockNumber_Exists" />
    </UnitTest>
    <UnitTest name="PopulateModelToEditForm_Test" storage="e:\projects\sgiinventory\sginvetory\sginventory.presenters.test\bin\debug\sginventory.presenters.test.dll" id="0726a243-8cfa-9281-0927-cb8a5eb11687">
      <Execution id="729696f6-0146-491a-a7f8-d9aa560680c8" />
      <TestMethod codeBase="E:/Projects/SGIInventory/SGInvetory/SGInventory.Presenters.Test/bin/Debug/SGInventory.Presenters.Test.DLL" adapterTypeName="Microsoft.VisualStudio.TestTools.TestTypes.Unit.UnitTestAdapter, Microsoft.VisualStudio.QualityTools.Tips.UnitTest.Adapter, Version=10.0.0.0, Culture=neutral, PublicKeyToken=b03f5f7f11d50a3a" className="SGInventory.Presenters.Test.WashingSearchPresenterTest, SGInventory.Presenters.Test, Version=1.0.0.0, Culture=neutral, PublicKeyToken=null" name="PopulateModelToEditForm_Test" />
    </UnitTest>
    <UnitTest name="DisableOrEnableSaveDeliveryButton_Given_SupplierName_IsIncorrectlyInput_Test" storage="e:\projects\sgiinventory\sginvetory\sginventory.presenters.test\bin\debug\sginventory.presenters.test.dll" id="faed0243-f7e8-cdd9-b5b9-3933b9a315c5">
      <Execution id="c4240535-4932-47a1-b15b-53c0d2c38a2f" />
      <TestMethod codeBase="E:/Projects/SGIInventory/SGInvetory/SGInventory.Presenters.Test/bin/Debug/SGInventory.Presenters.Test.DLL" adapterTypeName="Microsoft.VisualStudio.TestTools.TestTypes.Unit.UnitTestAdapter, Microsoft.VisualStudio.QualityTools.Tips.UnitTest.Adapter, Version=10.0.0.0, Culture=neutral, PublicKeyToken=b03f5f7f11d50a3a" className="SGInventory.Presenters.Test.DeliveryPresenterTest, SGInventory.Presenters.Test, Version=1.0.0.0, Culture=neutral, PublicKeyToken=null" name="DisableOrEnableSaveDeliveryButton_Given_SupplierName_IsIncorrectlyInput_Test" />
    </UnitTest>
    <UnitTest name="Keypress_InCompleteSize_Result_False" storage="e:\projects\sgiinventory\sginvetory\sginventory.presenters.test\bin\debug\sginventory.presenters.test.dll" id="e8a4fef0-f85e-08ed-0618-0d3ad355d41f">
      <Execution id="8ffb6a1c-6d0d-4ed4-a294-9926712b3184" />
      <TestMethod codeBase="E:/Projects/SGIInventory/SGInvetory/SGInventory.Presenters.Test/bin/Debug/SGInventory.Presenters.Test.DLL" adapterTypeName="Microsoft.VisualStudio.TestTools.TestTypes.Unit.UnitTestAdapter, Microsoft.VisualStudio.QualityTools.Tips.UnitTest.Adapter, Version=10.0.0.0, Culture=neutral, PublicKeyToken=b03f5f7f11d50a3a" className="SGInventory.Presenters.Test.ProductDetailEditPresenterTest, SGInventory.Presenters.Test, Version=1.0.0.0, Culture=neutral, PublicKeyToken=null" name="Keypress_InCompleteSize_Result_False" />
    </UnitTest>
    <UnitTest name="SelectByPrimaryId_GivenTheIdNotExists_ShouldReturnEmptyCollectionTest" storage="e:\projects\sgiinventory\sginvetory\sginventory.businessmodel.test\bin\debug\sginventory.businessmodel.test.dll" id="226edad5-4136-d1fb-20e1-e8f254f8c663">
      <Execution id="aa71dd00-db7d-4f0e-99f1-93d8c126624a" />
      <TestMethod codeBase="E:/Projects/SGIInventory/SGInvetory/SGInventory.BusinessModel.Test/bin/Debug/SGInventory.BusinessModel.Test.DLL" adapterTypeName="Microsoft.VisualStudio.TestTools.TestTypes.Unit.UnitTestAdapter, Microsoft.VisualStudio.QualityTools.Tips.UnitTest.Adapter, Version=10.0.0.0, Culture=neutral, PublicKeyToken=b03f5f7f11d50a3a" className="SGInventory.BusinessModel.Test.OutletBusinessModelTest, SGInventory.BusinessModel.Test, Version=1.0.0.0, Culture=neutral, PublicKeyToken=null" name="SelectByPrimaryId_GivenTheIdNotExists_ShouldReturnEmptyCollectionTest" />
    </UnitTest>
    <UnitTest name="SaveDeliveryDetail_Test" storage="e:\projects\sgiinventory\sginvetory\sginventory.businessmodel.test\bin\debug\sginventory.businessmodel.test.dll" id="62402179-7008-d618-28c8-48f913d118da">
      <Execution id="b5933fae-81cf-4a44-8239-a9805b2c5a95" />
      <TestMethod codeBase="E:/Projects/SGIInventory/SGInvetory/SGInventory.BusinessModel.Test/bin/Debug/SGInventory.BusinessModel.Test.DLL" adapterTypeName="Microsoft.VisualStudio.TestTools.TestTypes.Unit.UnitTestAdapter, Microsoft.VisualStudio.QualityTools.Tips.UnitTest.Adapter, Version=10.0.0.0, Culture=neutral, PublicKeyToken=b03f5f7f11d50a3a" className="SGInventory.BusinessModel.Test.DeliveryBusinessModelTest, SGInventory.BusinessModel.Test, Version=1.0.0.0, Culture=neutral, PublicKeyToken=null" name="SaveDeliveryDetail_Test" />
    </UnitTest>
    <UnitTest name="Keypress_InCompleteColor_Result_False" storage="e:\projects\sgiinventory\sginvetory\sginventory.presenters.test\bin\debug\sginventory.presenters.test.dll" id="dbcfde09-38cd-91e4-b28e-e13cd6184e1f">
      <Execution id="0bbfa9d7-3bd3-4f91-bb2d-7afa98359af8" />
      <TestMethod codeBase="E:/Projects/SGIInventory/SGInvetory/SGInventory.Presenters.Test/bin/Debug/SGInventory.Presenters.Test.DLL" adapterTypeName="Microsoft.VisualStudio.TestTools.TestTypes.Unit.UnitTestAdapter, Microsoft.VisualStudio.QualityTools.Tips.UnitTest.Adapter, Version=10.0.0.0, Culture=neutral, PublicKeyToken=b03f5f7f11d50a3a" className="SGInventory.Presenters.Test.ProductDetailEditPresenterTest, SGInventory.Presenters.Test, Version=1.0.0.0, Culture=neutral, PublicKeyToken=null" name="Keypress_InCompleteColor_Result_False" />
    </UnitTest>
    <UnitTest name="LoadAllModels_Test" storage="e:\projects\sgiinventory\sginvetory\sginventory.presenters.test\bin\debug\sginventory.presenters.test.dll" id="c0627374-0159-9389-64a7-d55fc4c3eff9">
      <Execution id="0c196108-1dd7-46d2-b81a-6e31b0615f34" />
      <TestMethod codeBase="E:/Projects/SGIInventory/SGInvetory/SGInventory.Presenters.Test/bin/Debug/SGInventory.Presenters.Test.DLL" adapterTypeName="Microsoft.VisualStudio.TestTools.TestTypes.Unit.UnitTestAdapter, Microsoft.VisualStudio.QualityTools.Tips.UnitTest.Adapter, Version=10.0.0.0, Culture=neutral, PublicKeyToken=b03f5f7f11d50a3a" className="SGInventory.Presenters.Test.ProductDetailSearchPresenterTest, SGInventory.Presenters.Test, Version=1.0.0.0, Culture=neutral, PublicKeyToken=null" name="LoadAllModels_Test" />
    </UnitTest>
    <UnitTest name="SelectBySp_GivenThereIsNoParameter_ReturnShouldBeInList" storage="e:\projects\sgiinventory\sginvetory\sginvetory.dal.test\bin\debug\sginventory.dal.test.dll" id="b4f9f3fc-72d6-8b81-7837-68269cf99335">
      <Execution id="fc320852-6cad-4316-834b-9faee630cedc" />
      <TestMethod codeBase="E:/Projects/SGIInventory/SGInvetory/SGInvetory.DAL.Test/bin/Debug/SGInventory.DAL.Test.DLL" adapterTypeName="Microsoft.VisualStudio.TestTools.TestTypes.Unit.UnitTestAdapter, Microsoft.VisualStudio.QualityTools.Tips.UnitTest.Adapter, Version=10.0.0.0, Culture=neutral, PublicKeyToken=b03f5f7f11d50a3a" className="SGInventory.DAL.Test.UserDalTest, SGInventory.DAL.Test, Version=1.0.0.0, Culture=neutral, PublicKeyToken=null" name="SelectBySp_GivenThereIsNoParameter_ReturnShouldBeInList" />
    </UnitTest>
    <UnitTest name="DeleteSelectedModels_GivenTheUserSayNo_Test" storage="e:\projects\sgiinventory\sginvetory\sginventory.presenters.test\bin\debug\sginventory.presenters.test.dll" id="590d5bab-20b0-0504-d688-d3e1a3fe9d43">
      <Execution id="05cfdf5c-f0b1-4176-bbb5-73686d138cf1" />
      <TestMethod codeBase="E:/Projects/SGIInventory/SGInvetory/SGInventory.Presenters.Test/bin/Debug/SGInventory.Presenters.Test.DLL" adapterTypeName="Microsoft.VisualStudio.TestTools.TestTypes.Unit.UnitTestAdapter, Microsoft.VisualStudio.QualityTools.Tips.UnitTest.Adapter, Version=10.0.0.0, Culture=neutral, PublicKeyToken=b03f5f7f11d50a3a" className="SGInventory.Presenters.Test.WashingSearchPresenterTest, SGInventory.Presenters.Test, Version=1.0.0.0, Culture=neutral, PublicKeyToken=null" name="DeleteSelectedModels_GivenTheUserSayNo_Test" />
    </UnitTest>
    <UnitTest name="Delete" storage="e:\projects\sgiinventory\sginvetory\sginvetory.dal.test\bin\debug\sginventory.dal.test.dll" id="af5dac9d-7536-d822-6256-f0bd6408de61">
      <Execution id="b96503df-d0b3-4d10-b018-6a399ab5cb26" />
      <TestMethod codeBase="E:/Projects/SGIInventory/SGInvetory/SGInvetory.DAL.Test/bin/Debug/SGInventory.DAL.Test.DLL" adapterTypeName="Microsoft.VisualStudio.TestTools.TestTypes.Unit.UnitTestAdapter, Microsoft.VisualStudio.QualityTools.Tips.UnitTest.Adapter, Version=10.0.0.0, Culture=neutral, PublicKeyToken=b03f5f7f11d50a3a" className="SGInventory.DAL.Test.SupplierDalTest, SGInventory.DAL.Test, Version=1.0.0.0, Culture=neutral, PublicKeyToken=null" name="Delete" />
    </UnitTest>
    <UnitTest name="SelectBySp_GivenThereIsAParameter_ReturnShouldBeInList" storage="e:\projects\sgiinventory\sginvetory\sginvetory.dal.test\bin\debug\sginventory.dal.test.dll" id="294cfa9d-b9d9-ef7a-02b1-a636d2b48423">
      <Execution id="17a8f7f8-561e-4ae3-8272-33f0cf5ecd54" />
      <TestMethod codeBase="E:/Projects/SGIInventory/SGInvetory/SGInvetory.DAL.Test/bin/Debug/SGInventory.DAL.Test.DLL" adapterTypeName="Microsoft.VisualStudio.TestTools.TestTypes.Unit.UnitTestAdapter, Microsoft.VisualStudio.QualityTools.Tips.UnitTest.Adapter, Version=10.0.0.0, Culture=neutral, PublicKeyToken=b03f5f7f11d50a3a" className="SGInventory.DAL.Test.UserDalTest, SGInventory.DAL.Test, Version=1.0.0.0, Culture=neutral, PublicKeyToken=null" name="SelectBySp_GivenThereIsAParameter_ReturnShouldBeInList" />
    </UnitTest>
    <UnitTest name="Save_GivenProduct_Exists" storage="e:\projects\sgiinventory\sginvetory\sginventory.businessmodel.test\bin\debug\sginventory.businessmodel.test.dll" id="0d2c9dbe-3d85-5fdc-ee94-b5f50b712da7">
      <Execution id="4250e2ac-56e2-4480-8a74-2ecc9568f404" />
      <TestMethod codeBase="E:/Projects/SGIInventory/SGInvetory/SGInventory.BusinessModel.Test/bin/Debug/SGInventory.BusinessModel.Test.DLL" adapterTypeName="Microsoft.VisualStudio.TestTools.TestTypes.Unit.UnitTestAdapter, Microsoft.VisualStudio.QualityTools.Tips.UnitTest.Adapter, Version=10.0.0.0, Culture=neutral, PublicKeyToken=b03f5f7f11d50a3a" className="SGInventory.BusinessModel.Test.ProductBusinessModelTest, SGInventory.BusinessModel.Test, Version=1.0.0.0, Culture=neutral, PublicKeyToken=null" name="Save_GivenProduct_Exists" />
    </UnitTest>
    <UnitTest name="SaveOrUpdateGivenItIsProductIsNullTest" storage="e:\projects\sgiinventory\sginvetory\sginvetory.dal.test\bin\debug\sginventory.dal.test.dll" id="c557895b-c36c-6624-8cf1-5e704676491c">
      <Execution id="4f8a1877-490c-4a77-9a9b-d12def73bcbc" />
      <TestMethod codeBase="E:/Projects/SGIInventory/SGInvetory/SGInvetory.DAL.Test/bin/Debug/SGInventory.DAL.Test.DLL" adapterTypeName="Microsoft.VisualStudio.TestTools.TestTypes.Unit.UnitTestAdapter, Microsoft.VisualStudio.QualityTools.Tips.UnitTest.Adapter, Version=10.0.0.0, Culture=neutral, PublicKeyToken=b03f5f7f11d50a3a" className="SGInvetory.DAL.Test.ProductDalTest, SGInventory.DAL.Test, Version=1.0.0.0, Culture=neutral, PublicKeyToken=null" name="SaveOrUpdateGivenItIsProductIsNullTest" />
    </UnitTest>
    <UnitTest name="LoadSize_GivenTheSizeIsNotNull" storage="e:\projects\sgiinventory\sginvetory\sginventory.presenters.test\bin\debug\sginventory.presenters.test.dll" id="e9237481-ec84-2cfa-48f8-0eba70a6226c">
      <Execution id="9b7caa30-e488-4c58-9e5b-7bd23ffebf2c" />
      <TestMethod codeBase="E:/Projects/SGIInventory/SGInvetory/SGInventory.Presenters.Test/bin/Debug/SGInventory.Presenters.Test.DLL" adapterTypeName="Microsoft.VisualStudio.TestTools.TestTypes.Unit.UnitTestAdapter, Microsoft.VisualStudio.QualityTools.Tips.UnitTest.Adapter, Version=10.0.0.0, Culture=neutral, PublicKeyToken=b03f5f7f11d50a3a" className="SGInventory.Presenters.Test.SizeEditPresenterTest, SGInventory.Presenters.Test, Version=1.0.0.0, Culture=neutral, PublicKeyToken=null" name="LoadSize_GivenTheSizeIsNotNull" />
    </UnitTest>
    <UnitTest name="DeleteSelectedModels_GivenNoModelIsSelected_Test" storage="e:\projects\sgiinventory\sginvetory\sginventory.presenters.test\bin\debug\sginventory.presenters.test.dll" id="20f97e38-3732-f7da-1abf-494d2411748e">
      <Execution id="6212d0df-8d68-49b8-88a8-f2d802749054" />
      <TestMethod codeBase="E:/Projects/SGIInventory/SGInvetory/SGInventory.Presenters.Test/bin/Debug/SGInventory.Presenters.Test.DLL" adapterTypeName="Microsoft.VisualStudio.TestTools.TestTypes.Unit.UnitTestAdapter, Microsoft.VisualStudio.QualityTools.Tips.UnitTest.Adapter, Version=10.0.0.0, Culture=neutral, PublicKeyToken=b03f5f7f11d50a3a" className="SGInventory.Presenters.Test.WashingSearchPresenterTest, SGInventory.Presenters.Test, Version=1.0.0.0, Culture=neutral, PublicKeyToken=null" name="DeleteSelectedModels_GivenNoModelIsSelected_Test" />
    </UnitTest>
    <UnitTest name="OnSelectedSearchMode_DeliveryDateAndSupplierIsEmpty_Test" storage="e:\projects\sgiinventory\sginvetory\sginventory.presenters.test\bin\debug\sginventory.presenters.test.dll" id="f1117546-4a2c-021c-945b-47482d72c67c">
      <Execution id="acd6bb0e-7497-41a3-823c-466939ab893b" />
      <TestMethod codeBase="E:/Projects/SGIInventory/SGInvetory/SGInventory.Presenters.Test/bin/Debug/SGInventory.Presenters.Test.DLL" adapterTypeName="Microsoft.VisualStudio.TestTools.TestTypes.Unit.UnitTestAdapter, Microsoft.VisualStudio.QualityTools.Tips.UnitTest.Adapter, Version=10.0.0.0, Culture=neutral, PublicKeyToken=b03f5f7f11d50a3a" className="SGInventory.Presenters.Test.SupplierSearchDeliveryPresenterTest, SGInventory.Presenters.Test, Version=1.0.0.0, Culture=neutral, PublicKeyToken=null" name="OnSelectedSearchMode_DeliveryDateAndSupplierIsEmpty_Test" />
    </UnitTest>
    <UnitTest name="UniqueNameKeypress_GivenThatTextHasNoLength_ShouldReturnTrue_Test" storage="e:\projects\sgiinventory\sginvetory\sginventory.presenters.test\bin\debug\sginventory.presenters.test.dll" id="ef1f1ccd-eec8-7c2a-dc70-18bd9a745745">
      <Execution id="5258507c-05bd-4a53-8c29-bfc8d861e724" />
      <TestMethod codeBase="E:/Projects/SGIInventory/SGInvetory/SGInventory.Presenters.Test/bin/Debug/SGInventory.Presenters.Test.DLL" adapterTypeName="Microsoft.VisualStudio.TestTools.TestTypes.Unit.UnitTestAdapter, Microsoft.VisualStudio.QualityTools.Tips.UnitTest.Adapter, Version=10.0.0.0, Culture=neutral, PublicKeyToken=b03f5f7f11d50a3a" className="SGInventory.Presenters.Test.CategoryEditPresenterTest, SGInventory.Presenters.Test, Version=1.0.0.0, Culture=neutral, PublicKeyToken=null" name="UniqueNameKeypress_GivenThatTextHasNoLength_ShouldReturnTrue_Test" />
    </UnitTest>
    <UnitTest name="SaveOrUpdate" storage="e:\projects\sgiinventory\sginvetory\sginvetory.dal.test\bin\debug\sginventory.dal.test.dll" id="c9c7e053-a4e5-6291-200c-c44a2aeeebfb">
      <Execution id="8d9e0d6a-930a-4de9-b802-c725d01d3caf" />
      <TestMethod codeBase="E:/Projects/SGIInventory/SGInvetory/SGInvetory.DAL.Test/bin/Debug/SGInventory.DAL.Test.DLL" adapterTypeName="Microsoft.VisualStudio.TestTools.TestTypes.Unit.UnitTestAdapter, Microsoft.VisualStudio.QualityTools.Tips.UnitTest.Adapter, Version=10.0.0.0, Culture=neutral, PublicKeyToken=b03f5f7f11d50a3a" className="SGInventory.DAL.Test.UserDalTest, SGInventory.DAL.Test, Version=1.0.0.0, Culture=neutral, PublicKeyToken=null" name="SaveOrUpdate" />
    </UnitTest>
    <UnitTest name="SelectBySp_GivenThereIsNoParameter_ReturnShouldBeInList" storage="e:\projects\sgiinventory\sginvetory\sginvetory.dal.test\bin\debug\sginventory.dal.test.dll" id="a21c8ecc-49e9-1518-1952-4d9d38fa5df2">
      <Execution id="e9f972fc-45bb-42b8-9462-8a8f51bfd163" />
      <TestMethod codeBase="E:/Projects/SGIInventory/SGInvetory/SGInvetory.DAL.Test/bin/Debug/SGInventory.DAL.Test.DLL" adapterTypeName="Microsoft.VisualStudio.TestTools.TestTypes.Unit.UnitTestAdapter, Microsoft.VisualStudio.QualityTools.Tips.UnitTest.Adapter, Version=10.0.0.0, Culture=neutral, PublicKeyToken=b03f5f7f11d50a3a" className="SGInventory.DAL.Test.OutletTest, SGInventory.DAL.Test, Version=1.0.0.0, Culture=neutral, PublicKeyToken=null" name="SelectBySp_GivenThereIsNoParameter_ReturnShouldBeInList" />
    </UnitTest>
[...]
    </UnitTestResult>
    <UnitTestResult executionId="8e497bb2-560c-4155-a466-2ca4c701e449" testId="e2757431-6e59-464c-fd75-8d4213a71012" testName="DeleteSelectedCategories_GivenTheUserSayYes_Test" computerName="ACERSANTOS" duration="00:00:00.0131388" startTime="2014-01-09T00:34:51.3750000+08:00" endTime="2014-01-09T00:34:51.3906250+08:00" testType="13cdc9d9-ddb5-4fa4-a97d-d965ccfc6d4b" outcome="Passed" testListId="8c84fa94-04c1-424b-9868-57a2d4851a1d" relativeResultsDirectory="8e497bb2-560c-4155-a466-2ca4c701e449">
    </UnitTestResult>
    <UnitTestResult executionId="0447d73f-a9be-4f84-a7d1-e0ec1babf924" testId="e289fc3f-3ffc-efa4-7e69-7ef09617ff37" testName="UniqueNameKeypress_GivenThatTextHasLength_ShouldReturnTrue_Test" computerName="ACERSANTOS" duration="00:00:00.0024961" startTime="2014-01-09T00:34:51.3906250+08:00" endTime="2014-01-09T00:34:51.4062500+08:00" testType="13cdc9d9-ddb5-4fa4-a97d-d965ccfc6d4b" outcome="Passed" testListId="8c84fa94-04c1-424b-9868-57a2d4851a1d" relativeResultsDirectory="0447d73f-a9be-4f84-a7d1-e0ec1babf924">
    </UnitTestResult>
    <UnitTestResult executionId="9eebfe91-e6dd-46e7-8109-63a8fa2e1b31" testId="e314496e-78c7-5efd-5c84-f1d7de486c6d" testName="DeleteSelectedCategories_GivenNoCategoriesIsSelected_Test" computerName="ACERSANTOS" duration="00:00:00.0016616" startTime="2014-01-09T00:34:51.4062500+08:00" endTime="2014-01-09T00:34:51.4218750+08:00" testType="13cdc9d9-ddb5-4fa4-a97d-d965ccfc6d4b" outcome="Passed" testListId="8c84fa94-04c1-424b-9868-57a2d4851a1d" relativeResultsDirectory="9eebfe91-e6dd-46e7-8109-63a8fa2e1b31">
    </UnitTestResult>
    <UnitTestResult executionId="53ae4560-4a2d-42ca-9274-bda29eca764b" testId="e32760e1-1205-d9b5-df28-fd9784a03f5b" testName="DeleteSelectedModels_GivenTheUserSayYes_Test" computerName="ACERSANTOS" duration="00:00:00.0106938" startTime="2014-01-09T00:34:51.4218750+08:00" endTime="2014-01-09T00:34:51.4375000+08:00" testType="13cdc9d9-ddb5-4fa4-a97d-d965ccfc6d4b" outcome="Passed" testListId="8c84fa94-04c1-424b-9868-57a2d4851a1d" relativeResultsDirectory="53ae4560-4a2d-42ca-9274-bda29eca764b">
    </UnitTestResult>
    <UnitTestResult executionId="9ca540e4-0cf4-441e-909f-54378686c3b6" testId="e3ab030d-a53e-313c-39e1-bfee3779d1bf" testName="Validate_GivenThatInputEqualsMaxLength_ShouldReturnTrue" computerName="ACERSANTOS" duration="00:00:00.0003832" startTime="2014-01-09T00:34:51.4531250+08:00" endTime="2014-01-09T00:34:51.4531250+08:00" testType="13cdc9d9-ddb5-4fa4-a97d-d965ccfc6d4b" outcome="Passed" testListId="8c84fa94-04c1-424b-9868-57a2d4851a1d" relativeResultsDirectory="9ca540e4-0cf4-441e-909f-54378686c3b6">
    </UnitTestResult>
    <UnitTestResult executionId="8299af72-e7ef-4945-badc-08558487d518" testId="e3c7a02d-091f-e9f3-b70a-10a58aa9b252" testName="Delete" computerName="ACERSANTOS" duration="00:00:00.0101976" startTime="2014-01-09T00:34:51.4687500+08:00" endTime="2014-01-09T00:34:51.4843750+08:00" testType="13cdc9d9-ddb5-4fa4-a97d-d965ccfc6d4b" outcome="Passed" testListId="8c84fa94-04c1-424b-9868-57a2d4851a1d" relativeResultsDirectory="8299af72-e7ef-4945-badc-08558487d518">
    </UnitTestResult>
    <UnitTestResult executionId="1816efc9-6513-42ed-a926-9299d22e3f36" testId="e44b57e1-5457-3e9a-ff44-547849a192a4" testName="MonthGeneratorTest" computerName="ACERSANTOS" duration="00:00:00.0012269" startTime="2014-01-09T00:34:51.4843750+08:00" endTime="2014-01-09T00:34:51.5000000+08:00" testType="13cdc9d9-ddb5-4fa4-a97d-d965ccfc6d4b" outcome="Passed" testListId="8c84fa94-04c1-424b-9868-57a2d4851a1d" relativeResultsDirectory="1816efc9-6513-42ed-a926-9299d22e3f36">
    </UnitTestResult>
    <UnitTestResult executionId="8ffb6a1c-6d0d-4ed4-a294-9926712b3184" testId="e8a4fef0-f85e-08ed-0618-0d3ad355d41f" testName="Keypress_InCompleteSize_Result_False" computerName="ACERSANTOS" duration="00:00:00.0022840" startTime="2014-01-09T00:34:51.5000000+08:00" endTime="2014-01-09T00:34:51.5156250+08:00" testType="13cdc9d9-ddb5-4fa4-a97d-d965ccfc6d4b" outcome="Passed" testListId="8c84fa94-04c1-424b-9868-57a2d4851a1d" relativeResultsDirectory="8ffb6a1c-6d0d-4ed4-a294-9926712b3184">
    </UnitTestResult>
    <UnitTestResult executionId="0a41c700-3988-4130-9da8-1df3f7e86a00" testId="e9131190-c6e2-db53-df32-d699924932da" testName="AddModel_Test" computerName="ACERSANTOS" duration="00:00:00.0020421" startTime="2014-01-09T00:34:51.5312500+08:00" endTime="2014-01-09T00:34:51.5468750+08:00" testType="13cdc9d9-ddb5-4fa4-a97d-d965ccfc6d4b" outcome="Passed" testListId="8c84fa94-04c1-424b-9868-57a2d4851a1d" relativeResultsDirectory="0a41c700-3988-4130-9da8-1df3f7e86a00">
    </UnitTestResult>
    <UnitTestResult executionId="9b7caa30-e488-4c58-9e5b-7bd23ffebf2c" testId="e9237481-ec84-2cfa-48f8-0eba70a6226c" testName="LoadSize_GivenTheSizeIsNotNull" computerName="ACERSANTOS" duration="00:00:00.0070461" startTime="2014-01-09T00:34:51.5468750+08:00" endTime="2014-01-09T00:34:51.5625000+08:00" testType="13cdc9d9-ddb5-4fa4-a97d-d965ccfc6d4b" outcome="Passed" testListId="8c84fa94-04c1-424b-9868-57a2d4851a1d" relativeResultsDirectory="9b7caa30-e488-4c58-9e5b-7bd23ffebf2c">
    </UnitTestResult>
    <UnitTestResult executionId="7c745403-ce29-45de-aae9-0e22e50aca36" testId="e965ac05-7bc0-fd9b-1a98-68a36a7e209f" testName="SaveOrUpdateGivenItIsNewTest" computerName="ACERSANTOS" duration="00:00:00.0088645" startTime="2014-01-09T00:34:51.5625000+08:00" endTime="2014-01-09T00:34:51.5781250+08:00" testType="13cdc9d9-ddb5-4fa4-a97d-d965ccfc6d4b" outcome="Passed" testListId="8c84fa94-04c1-424b-9868-57a2d4851a1d" relativeResultsDirectory="7c745403-ce29-45de-aae9-0e22e50aca36">
    </UnitTestResult>
    <UnitTestResult executionId="e8c71a7b-c06b-4364-b10d-0f966a2ee9c3" testId="ebbdc9bb-da76-35cf-0363-cf7ec4965176" testName="SaveSupplier_GivenThanNameNotExistsSupplierAlreadyExists_ResultSuccessfullPopUpMessage_Test" computerName="ACERSANTOS" duration="00:00:00.0063139" startTime="2014-01-09T00:34:51.5781250+08:00" endTime="2014-01-09T00:34:51.5937500+08:00" testType="13cdc9d9-ddb5-4fa4-a97d-d965ccfc6d4b" outcome="Passed" testListId="8c84fa94-04c1-424b-9868-57a2d4851a1d" relativeResultsDirectory="e8c71a7b-c06b-4364-b10d-0f966a2ee9c3">
    </UnitTestResult>
    <UnitTestResult executionId="0d69f394-e877-441c-958c-0cae1b68eaeb" testId="ec42ef37-e34f-1c1a-71dd-2c376f1dc2ec" testName="UniqueNameKeypress_GivenThatTextHasLength_ShouldReturnTrue_Test" computerName="ACERSANTOS" duration="00:00:00.0018804" startTime="2014-01-09T00:34:51.5937500+08:00" endTime="2014-01-09T00:34:51.6093750+08:00" testType="13cdc9d9-ddb5-4fa4-a97d-d965ccfc6d4b" outcome="Passed" testListId="8c84fa94-04c1-424b-9868-57a2d4851a1d" relativeResultsDirectory="0d69f394-e877-441c-958c-0cae1b68eaeb">
    </UnitTestResult>
    <UnitTestResult executionId="d277fdec-4733-489b-9738-97de76382571" testId="ec6ba0e5-08d7-cc71-515b-b96a4a657f77" testName="SaveModel_GivenModelExistsValidFieldsUserNameAlreadyExistsQueryHasResult_ResultSuccessfull" computerName="ACERSANTOS" duration="00:00:00.0067581" startTime="2014-01-09T00:34:51.6093750+08:00" endTime="2014-01-09T00:34:51.6250000+08:00" testType="13cdc9d9-ddb5-4fa4-a97d-d965ccfc6d4b" outcome="Passed" testListId="8c84fa94-04c1-424b-9868-57a2d4851a1d" relativeResultsDirectory="d277fdec-4733-489b-9738-97de76382571">
    </UnitTestResult>
    <UnitTestResult executionId="4095d6d3-872d-4620-9059-ba62d51a78b3" testId="ec88895d-a8f6-c0a7-411a-1946c81ec89a" testName="SelectByPrimaryKey_GivenPrimaryKey_ReturnShouldNotBeNull" computerName="ACERSANTOS" duration="00:00:00.0068011" startTime="2014-01-09T00:34:51.6250000+08:00" endTime="2014-01-09T00:34:51.6406250+08:00" testType="13cdc9d9-ddb5-4fa4-a97d-d965ccfc6d4b" outcome="Passed" testListId="8c84fa94-04c1-424b-9868-57a2d4851a1d" relativeResultsDirectory="4095d6d3-872d-4620-9059-ba62d51a78b3">
    </UnitTestResult>
    <UnitTestResult executionId="5258507c-05bd-4a53-8c29-bfc8d861e724" testId="ef1f1ccd-eec8-7c2a-dc70-18bd9a745745" testName="UniqueNameKeypress_GivenThatTextHasNoLength_ShouldReturnTrue_Test" computerName="ACERSANTOS" duration="00:00:00.0016739" startTime="2014-01-09T00:34:51.6406250+08:00" endTime="2014-01-09T00:34:51.6562500+08:00" testType="13cdc9d9-ddb5-4fa4-a97d-d965ccfc6d4b" outcome="Passed" testListId="8c84fa94-04c1-424b-9868-57a2d4851a1d" relativeResultsDirectory="5258507c-05bd-4a53-8c29-bfc8d861e724">
    </UnitTestResult>
    <UnitTestResult executionId="8dccba7b-6793-40e7-89cc-11ff45099e2e" testId="ef70b526-178e-f567-ca7f-9568174f14e2" testName="SelectByPrimaryKey_GivenPrimaryKey_ReturnShouldNotBeNull" computerName="ACERSANTOS" duration="00:00:00.0035820" startTime="2014-01-09T00:34:51.6562500+08:00" endTime="2014-01-09T00:34:51.6718750+08:00" testType="13cdc9d9-ddb5-4fa4-a97d-d965ccfc6d4b" outcome="Passed" testListId="8c84fa94-04c1-424b-9868-57a2d4851a1d" relativeResultsDirectory="8dccba7b-6793-40e7-89cc-11ff45099e2e">
    </UnitTestResult>
    <UnitTestResult executionId="d73d8b58-38ae-431d-a066-d9530da6847a" testId="efbf6bac-c955-325a-d8ba-dfb3b9c8146b" testName="SaveOutlet_GivenThanNameExistsCreateNewOutlet_ResultUnSuccessfullPopUpMessage_Test" computerName="ACERSANTOS" duration="00:00:00.0062091" startTime="2014-01-09T00:34:51.6718750+08:00" endTime="2014-01-09T00:34:51.6875000+08:00" testType="13cdc9d9-ddb5-4fa4-a97d-d965ccfc6d4b" outcome="Passed" testListId="8c84fa94-04c1-424b-9868-57a2d4851a1d" relativeResultsDirectory="d73d8b58-38ae-431d-a066-d9530da6847a">
    </UnitTestResult>
    <UnitTestResult executionId="1b00bbaa-4108-4be0-8e48-edb669430066" testId="f017e773-9245-d445-5fce-b92d1ba0d7c0" testName="Delete" computerName="ACERSANTOS" duration="00:00:00.0229464" startTime="2014-01-09T00:34:51.6875000+08:00" endTime="2014-01-09T00:34:51.7656250+08:00" testType="13cdc9d9-ddb5-4fa4-a97d-d965ccfc6d4b" outcome="Passed" testListId="8c84fa94-04c1-424b-9868-57a2d4851a1d" relativeResultsDirectory="1b00bbaa-4108-4be0-8e48-edb669430066">
    </UnitTestResult>
    <UnitTestResult executionId="fe51116c-fc83-4ba7-8717-1395303d8dcf" testId="f0e1bad1-04d1-2445-cfe6-89161a86d2be" testName="AddModel_Test" computerName="ACERSANTOS" duration="00:00:00.0019276" startTime="2014-01-09T00:34:51.7656250+08:00" endTime="2014-01-09T00:34:51.7812500+08:00" testType="13cdc9d9-ddb5-4fa4-a97d-d965ccfc6d4b" outcome="Passed" testListId="8c84fa94-04c1-424b-9868-57a2d4851a1d" relativeResultsDirectory="fe51116c-fc83-4ba7-8717-1395303d8dcf">
    </UnitTestResult>
    <UnitTestResult executionId="acd6bb0e-7497-41a3-823c-466939ab893b" testId="f1117546-4a2c-021c-945b-47482d72c67c" testName="OnSelectedSearchMode_DeliveryDateAndSupplierIsEmpty_Test" computerName="ACERSANTOS" duration="00:00:00.0023542" startTime="2014-01-09T00:34:51.7812500+08:00" endTime="2014-01-09T00:34:51.7968750+08:00" testType="13cdc9d9-ddb5-4fa4-a97d-d965ccfc6d4b" outcome="Passed" testListId="8c84fa94-04c1-424b-9868-57a2d4851a1d" relativeResultsDirectory="acd6bb0e-7497-41a3-823c-466939ab893b">
    </UnitTestResult>
    <UnitTestResult executionId="c633172c-e21e-4f7c-8a7e-1d4367ab2628" testId="f18a9e94-6a3d-e388-3963-abca5be8fd91" testName="Delete_Test" computerName="ACERSANTOS" duration="00:00:00.0050380" startTime="2014-01-09T00:34:51.7968750+08:00" endTime="2014-01-09T00:34:51.8125000+08:00" testType="13cdc9d9-ddb5-4fa4-a97d-d965ccfc6d4b" outcome="Passed" testListId="8c84fa94-04c1-424b-9868-57a2d4851a1d" relativeResultsDirectory="c633172c-e21e-4f7c-8a7e-1d4367ab2628">
    </UnitTestResult>
    <UnitTestResult executionId="31593c8c-87cd-44ab-b8ba-ebe2e869388c" testId="f1c0c76f-29b9-c8dd-3419-c5e19806a8f6" testName="SaveModel_GivenModelExistsValidFieldsColorNameExistsAttachedToSameCodeQueryHasResult_ResultSuccessfull" computerName="ACERSANTOS" duration="00:00:00.0065103" startTime="2014-01-09T00:34:51.8125000+08:00" endTime="2014-01-09T00:34:51.8281250+08:00" testType="13cdc9d9-ddb5-4fa4-a97d-d965ccfc6d4b" outcome="Passed" testListId="8c84fa94-04c1-424b-9868-57a2d4851a1d" relativeResultsDirectory="31593c8c-87cd-44ab-b8ba-ebe2e869388c">
    </UnitTestResult>
    <UnitTestResult executionId="35644f2a-7e4a-43da-9e74-843f8c695e12" testId="f22b8713-03de-7d63-d19e-d4d83bff0c8a" testName="Keypress_InCompleteQuantity_Result_False" computerName="ACERSANTOS" duration="00:00:00.0044717" startTime="2014-01-09T00:34:51.8281250+08:00" endTime="2014-01-09T00:34:51.8437500+08:00" testType="13cdc9d9-ddb5-4fa4-a97d-d965ccfc6d4b" outcome="Passed" testListId="8c84fa94-04c1-424b-9868-57a2d4851a1d" relativeResultsDirectory="35644f2a-7e4a-43da-9e74-843f8c695e12">
    </UnitTestResult>
    <UnitTestResult executionId="a601b64e-c69f-43ed-9f34-23076f3739a9" testId="f3d0172a-55c7-565f-08b6-3692c40d25cb" testName="Save_GivenThanNameNotExistsCreateNewModel_ResultSuccessfullPopUpMessage_Test" computerName="ACERSANTOS" duration="00:00:00.0059432" startTime="2014-01-09T00:34:51.8437500+08:00" endTime="2014-01-09T00:34:51.8593750+08:00" testType="13cdc9d9-ddb5-4fa4-a97d-d965ccfc6d4b" outcome="Passed" testListId="8c84fa94-04c1-424b-9868-57a2d4851a1d" relativeResultsDirectory="a601b64e-c69f-43ed-9f34-23076f3739a9">
    </UnitTestResult>
    <UnitTestResult executionId="67603126-75f5-48e8-bbe9-f288252bde08" testId="f472f600-6709-da18-f733-8439950f7e2b" testName="SelectBySp_GivenThereIsNoParameter_ReturnShouldBeInList" computerName="ACERSANTOS" duration="00:00:00.0062457" startTime="2014-01-09T00:34:51.8593750+08:00" endTime="2014-01-09T00:34:51.8750000+08:00" testType="13cdc9d9-ddb5-4fa4-a97d-d965ccfc6d4b" outcome="Passed" testListId="8c84fa94-04c1-424b-9868-57a2d4851a1d" relativeResultsDirectory="67603126-75f5-48e8-bbe9-f288252bde08">
    </UnitTestResult>
    <UnitTestResult executionId="f9cacd3a-6ab0-4577-8250-0c6c48490dac" testId="f5a26ee6-6227-c30f-962f-97ef7e960054" testName="SaveSize_GivenThatCodeAndNameNotExistsCreateNewSize_ResultSuccessfullPopUpMessage_Test" computerName="ACERSANTOS" duration="00:00:00.0084041" startTime="2014-01-09T00:34:51.8750000+08:00" endTime="2014-01-09T00:34:51.8906250+08:00" testType="13cdc9d9-ddb5-4fa4-a97d-d965ccfc6d4b" outcome="Passed" testListId="8c84fa94-04c1-424b-9868-57a2d4851a1d" relativeResultsDirectory="f9cacd3a-6ab0-4577-8250-0c6c48490dac">
    </UnitTestResult>
    <UnitTestResult executionId="780314db-41f3-42d6-88a4-08df3c3f9231" testId="f616ad3b-1c96-1b93-b373-13ac9b69af60" testName="SaveOrUpdate" computerName="ACERSANTOS" duration="00:00:00.0044044" startTime="2014-01-09T00:34:51.8906250+08:00" endTime="2014-01-09T00:34:51.9218750+08:00" testType="13cdc9d9-ddb5-4fa4-a97d-d965ccfc6d4b" outcome="Passed" testListId="8c84fa94-04c1-424b-9868-57a2d4851a1d" relativeResultsDirectory="780314db-41f3-42d6-88a4-08df3c3f9231">
    </UnitTestResult>
    <UnitTestResult executionId="d7a68155-d665-44de-a48d-aaf14b496cd0" testId="f6efb228-afe7-15e3-3cf2-99c928893805" testName="SaveOrUpdate" computerName="ACERSANTOS" duration="00:00:00.0044083" startTime="2014-01-09T00:34:51.9375000+08:00" endTime="2014-01-09T00:34:51.9531250+08:00" testType="13cdc9d9-ddb5-4fa4-a97d-d965ccfc6d4b" outcome="Passed" testListId="8c84fa94-04c1-424b-9868-57a2d4851a1d" relativeResultsDirectory="d7a68155-d665-44de-a48d-aaf14b496cd0">
    </UnitTestResult>
    <UnitTestResult executionId="39e52e58-cb46-444b-87c6-abe5b88d10bf" testId="f7e6dfe7-ebf5-69b2-1960-05870dbb76e3" testName="Keypress_InCompleteWashing_Result_False" computerName="ACERSANTOS" duration="00:00:00.0040412" startTime="2014-01-09T00:34:51.9531250+08:00" endTime="2014-01-09T00:34:51.9687500+08:00" testType="13cdc9d9-ddb5-4fa4-a97d-d965ccfc6d4b" outcome="Passed" testListId="8c84fa94-04c1-424b-9868-57a2d4851a1d" relativeResultsDirectory="39e52e58-cb46-444b-87c6-abe5b88d10bf">
    </UnitTestResult>
    <UnitTestResult executionId="26b44649-8d62-40c0-8cc7-f072b1ebd18f" testId="fa84f423-ca01-788c-628b-3cf2afa736bb" testName="SaveDeliveryDetail_Test" computerName="ACERSANTOS" duration="00:00:00.0198438" startTime="2014-01-09T00:34:51.9843750+08:00" endTime="2014-01-09T00:34:52.0000000+08:00" testType="13cdc9d9-ddb5-4fa4-a97d-d965ccfc6d4b" outcome="Passed" testListId="8c84fa94-04c1-424b-9868-57a2d4851a1d" relativeResultsDirectory="26b44649-8d62-40c0-8cc7-f072b1ebd18f">
    </UnitTestResult>
    <UnitTestResult executionId="c4240535-4932-47a1-b15b-53c0d2c38a2f" testId="faed0243-f7e8-cdd9-b5b9-3933b9a315c5" testName="DisableOrEnableSaveDeliveryButton_Given_SupplierName_IsIncorrectlyInput_Test" computerName="ACERSANTOS" duration="00:00:00.0044296" startTime="2014-01-09T00:34:52.0156250+08:00" endTime="2014-01-09T00:34:52.0312500+08:00" testType="13cdc9d9-ddb5-4fa4-a97d-d965ccfc6d4b" outcome="Passed" testListId="8c84fa94-04c1-424b-9868-57a2d4851a1d" relativeResultsDirectory="c4240535-4932-47a1-b15b-53c0d2c38a2f">
    </UnitTestResult>
    <UnitTestResult executionId="edfabfc3-24ee-4ee6-a675-dbeea89f36e5" testId="faf7dc48-7a49-78c4-5c48-78894f012137" testName="Validate_GivenInNewModeTheNameNotExists_ShouldReturnTrue" computerName="ACERSANTOS" duration="00:00:00.0048453" startTime="2014-01-09T00:34:52.0312500+08:00" endTime="2014-01-09T00:34:52.0468750+08:00" testType="13cdc9d9-ddb5-4fa4-a97d-d965ccfc6d4b" outcome="Passed" testListId="8c84fa94-04c1-424b-9868-57a2d4851a1d" relativeResultsDirectory="edfabfc3-24ee-4ee6-a675-dbeea89f36e5">
    </UnitTestResult>
    <UnitTestResult executionId="f8377929-8ec5-49a2-bc8f-6ffc294af568" testId="fd3f812c-4d5f-910e-eb41-9e47697fcd83" testName="SaveOrUpdateGivenItIsNotNewAndNoChangesMadeEitherInPricesTest" computerName="ACERSANTOS" duration="00:00:00.0127655" startTime="2014-01-09T00:34:52.0625000+08:00" endTime="2014-01-09T00:34:52.0781250+08:00" testType="13cdc9d9-ddb5-4fa4-a97d-d965ccfc6d4b" outcome="Passed" testListId="8c84fa94-04c1-424b-9868-57a2d4851a1d" relativeResultsDirectory="f8377929-8ec5-49a2-bc8f-6ffc294af568">
    </UnitTestResult>
    <UnitTestResult executionId="3b2495fb-eff4-42e1-8d28-06e5561e3208" testId="fd94a609-fe90-6d48-120d-583308d09a13" testName="SelectByPrimaryId_GivenTheIdNotExists_ShouldReturnEmptyCollectionTest" computerName="ACERSANTOS" duration="00:00:00.0041860" startTime="2014-01-09T00:34:52.0781250+08:00" endTime="2014-01-09T00:34:52.0937500+08:00" testType="13cdc9d9-ddb5-4fa4-a97d-d965ccfc6d4b" outcome="Passed" testListId="8c84fa94-04c1-424b-9868-57a2d4851a1d" relativeResultsDirectory="3b2495fb-eff4-42e1-8d28-06e5561e3208">
    </UnitTestResult>
    <UnitTestResult executionId="97b7e8d8-925f-4f07-a67c-98bd3e132ac3" testId="fdf1b65b-7adb-269d-d53f-3e3867a9921f" testName="Delete" computerName="ACERSANTOS" duration="00:00:00.0059552" startTime="2014-01-09T00:34:52.0937500+08:00" endTime="2014-01-09T00:34:52.1093750+08:00" testType="13cdc9d9-ddb5-4fa4-a97d-d965ccfc6d4b" outcome="Passed" testListId="8c84fa94-04c1-424b-9868-57a2d4851a1d" relativeResultsDirectory="97b7e8d8-925f-4f07-a67c-98bd3e132ac3">
    </UnitTestResult>
    <UnitTestResult executionId="a59afc55-3c39-49d7-a777-9ce0ae04149e" testId="fe3df838-1504-9a92-05c2-2ac9faa7220c" testName="LoadWashing_GivenTheWashingIsNotNull" computerName="ACERSANTOS" duration="00:00:00.0031707" startTime="2014-01-09T00:34:52.1250000+08:00" endTime="2014-01-09T00:34:52.1250000+08:00" testType="13cdc9d9-ddb5-4fa4-a97d-d965ccfc6d4b" outcome="Passed" testListId="8c84fa94-04c1-424b-9868-57a2d4851a1d" relativeResultsDirectory="a59afc55-3c39-49d7-a777-9ce0ae04149e">
    </UnitTestResult>
    <UnitTestResult executionId="391026fc-e730-4811-a06d-501937133858" testId="fe624345-1abc-5cbc-eecf-d2bb406464f4" testName="Save_GivenCodeExceedTheMaximumLength_Test" computerName="ACERSANTOS" duration="00:00:00.0057655" startTime="2014-01-09T00:34:52.1406250+08:00" endTime="2014-01-09T00:34:52.1406250+08:00" testType="13cdc9d9-ddb5-4fa4-a97d-d965ccfc6d4b" outcome="Passed" testListId="8c84fa94-04c1-424b-9868-57a2d4851a1d" relativeResultsDirectory="391026fc-e730-4811-a06d-501937133858">
    </UnitTestResult>
  </Results>
</TestRun>